{"/Users/rizkyachmadsyah/MyProject/nodejs/dicoding/forum-api/src/Applications/security/AuthenticationTokenManager.js": {"path":"/Users/rizkyachmadsyah/MyProject/nodejs/dicoding/forum-api/src/Applications/security/AuthenticationTokenManager.js","statementMap":{"0":{"start":{"line":3,"column":4},"end":{"line":3,"column":76}},"1":{"start":{"line":7,"column":4},"end":{"line":7,"column":75}},"2":{"start":{"line":11,"column":4},"end":{"line":11,"column":75}},"3":{"start":{"line":15,"column":4},"end":{"line":15,"column":75}},"4":{"start":{"line":19,"column":0},"end":{"line":19,"column":44}}},"fnMap":{"0":{"name":"(anonymous_0)","decl":{"start":{"line":2,"column":2},"end":{"line":2,"column":3}},"loc":{"start":{"line":2,"column":36},"end":{"line":4,"column":3}},"line":2},"1":{"name":"(anonymous_1)","decl":{"start":{"line":6,"column":2},"end":{"line":6,"column":3}},"loc":{"start":{"line":6,"column":35},"end":{"line":8,"column":3}},"line":6},"2":{"name":"(anonymous_2)","decl":{"start":{"line":10,"column":2},"end":{"line":10,"column":3}},"loc":{"start":{"line":10,"column":34},"end":{"line":12,"column":3}},"line":10},"3":{"name":"(anonymous_3)","decl":{"start":{"line":14,"column":2},"end":{"line":14,"column":3}},"loc":{"start":{"line":14,"column":24},"end":{"line":16,"column":3}},"line":14}},"branchMap":{},"s":{"0":1,"1":1,"2":1,"3":1,"4":9},"f":{"0":1,"1":1,"2":1,"3":1},"b":{},"_coverageSchema":"1a1c01bbd47fc00a2c39e90264f33305004495a9","hash":"8341c62a6972d0f9471827eccb6a6d976124ab25"}
,"/Users/rizkyachmadsyah/MyProject/nodejs/dicoding/forum-api/src/Applications/security/PasswordHash.js": {"path":"/Users/rizkyachmadsyah/MyProject/nodejs/dicoding/forum-api/src/Applications/security/PasswordHash.js","statementMap":{"0":{"start":{"line":3,"column":4},"end":{"line":3,"column":60}},"1":{"start":{"line":7,"column":4},"end":{"line":7,"column":60}},"2":{"start":{"line":11,"column":0},"end":{"line":11,"column":30}}},"fnMap":{"0":{"name":"(anonymous_0)","decl":{"start":{"line":2,"column":2},"end":{"line":2,"column":3}},"loc":{"start":{"line":2,"column":23},"end":{"line":4,"column":3}},"line":2},"1":{"name":"(anonymous_1)","decl":{"start":{"line":6,"column":2},"end":{"line":6,"column":3}},"loc":{"start":{"line":6,"column":42},"end":{"line":8,"column":3}},"line":6}},"branchMap":{},"s":{"0":1,"1":1,"2":9},"f":{"0":1,"1":1},"b":{},"_coverageSchema":"1a1c01bbd47fc00a2c39e90264f33305004495a9","hash":"31605067ab9826eabcbe305ea5fb79d2a1850d5f"}
,"/Users/rizkyachmadsyah/MyProject/nodejs/dicoding/forum-api/src/Applications/use_case/authentications/DeleteAuthenticationUseCase.js": {"path":"/Users/rizkyachmadsyah/MyProject/nodejs/dicoding/forum-api/src/Applications/use_case/authentications/DeleteAuthenticationUseCase.js","statementMap":{"0":{"start":{"line":5,"column":4},"end":{"line":5,"column":62}},"1":{"start":{"line":9,"column":4},"end":{"line":9,"column":42}},"2":{"start":{"line":10,"column":29},"end":{"line":10,"column":43}},"3":{"start":{"line":11,"column":4},"end":{"line":11,"column":78}},"4":{"start":{"line":12,"column":4},"end":{"line":12,"column":67}},"5":{"start":{"line":16,"column":29},"end":{"line":16,"column":36}},"6":{"start":{"line":17,"column":4},"end":{"line":19,"column":5}},"7":{"start":{"line":18,"column":6},"end":{"line":18,"column":82}},"8":{"start":{"line":21,"column":4},"end":{"line":23,"column":5}},"9":{"start":{"line":22,"column":6},"end":{"line":22,"column":97}},"10":{"start":{"line":27,"column":0},"end":{"line":27,"column":45}}},"fnMap":{"0":{"name":"(anonymous_0)","decl":{"start":{"line":2,"column":2},"end":{"line":2,"column":3}},"loc":{"start":{"line":4,"column":5},"end":{"line":6,"column":3}},"line":4},"1":{"name":"(anonymous_1)","decl":{"start":{"line":8,"column":2},"end":{"line":8,"column":3}},"loc":{"start":{"line":8,"column":32},"end":{"line":13,"column":3}},"line":8},"2":{"name":"(anonymous_2)","decl":{"start":{"line":15,"column":2},"end":{"line":15,"column":3}},"loc":{"start":{"line":15,"column":28},"end":{"line":24,"column":3}},"line":15}},"branchMap":{"0":{"loc":{"start":{"line":17,"column":4},"end":{"line":19,"column":5}},"type":"if","locations":[{"start":{"line":17,"column":4},"end":{"line":19,"column":5}},{"start":{},"end":{}}],"line":17},"1":{"loc":{"start":{"line":21,"column":4},"end":{"line":23,"column":5}},"type":"if","locations":[{"start":{"line":21,"column":4},"end":{"line":23,"column":5}},{"start":{},"end":{}}],"line":21}},"s":{"0":3,"1":3,"2":1,"3":1,"4":1,"5":3,"6":3,"7":1,"8":2,"9":1,"10":1},"f":{"0":3,"1":3,"2":3},"b":{"0":[1,2],"1":[1,1]},"_coverageSchema":"1a1c01bbd47fc00a2c39e90264f33305004495a9","hash":"f5e937b05f5b8476e8154aaa1469edce332ba390"}
,"/Users/rizkyachmadsyah/MyProject/nodejs/dicoding/forum-api/src/Applications/use_case/authentications/LoginUserUseCase.js": {"path":"/Users/rizkyachmadsyah/MyProject/nodejs/dicoding/forum-api/src/Applications/use_case/authentications/LoginUserUseCase.js","statementMap":{"0":{"start":{"line":1,"column":18},"end":{"line":1,"column":70}},"1":{"start":{"line":2,"column":26},"end":{"line":2,"column":86}},"2":{"start":{"line":11,"column":4},"end":{"line":11,"column":42}},"3":{"start":{"line":12,"column":4},"end":{"line":12,"column":62}},"4":{"start":{"line":13,"column":4},"end":{"line":13,"column":66}},"5":{"start":{"line":14,"column":4},"end":{"line":14,"column":38}},"6":{"start":{"line":18,"column":33},"end":{"line":18,"column":62}},"7":{"start":{"line":20,"column":30},"end":{"line":20,"column":88}},"8":{"start":{"line":22,"column":4},"end":{"line":22,"column":74}},"9":{"start":{"line":24,"column":15},"end":{"line":24,"column":67}},"10":{"start":{"line":26,"column":24},"end":{"line":27,"column":40}},"11":{"start":{"line":28,"column":25},"end":{"line":29,"column":41}},"12":{"start":{"line":31,"column":30},"end":{"line":34,"column":6}},"13":{"start":{"line":36,"column":4},"end":{"line":36,"column":82}},"14":{"start":{"line":38,"column":4},"end":{"line":38,"column":29}},"15":{"start":{"line":42,"column":0},"end":{"line":42,"column":34}}},"fnMap":{"0":{"name":"(anonymous_0)","decl":{"start":{"line":5,"column":2},"end":{"line":5,"column":3}},"loc":{"start":{"line":10,"column":5},"end":{"line":15,"column":3}},"line":10},"1":{"name":"(anonymous_1)","decl":{"start":{"line":17,"column":2},"end":{"line":17,"column":3}},"loc":{"start":{"line":17,"column":32},"end":{"line":39,"column":3}},"line":17}},"branchMap":{},"s":{"0":7,"1":7,"2":2,"3":2,"4":2,"5":2,"6":7,"7":5,"8":4,"9":3,"10":3,"11":3,"12":3,"13":3,"14":3,"15":7},"f":{"0":2,"1":7},"b":{},"_coverageSchema":"1a1c01bbd47fc00a2c39e90264f33305004495a9","hash":"9f1b8f9f2fd7dc35104f3362146155f1f55b15f7"}
,"/Users/rizkyachmadsyah/MyProject/nodejs/dicoding/forum-api/src/Applications/use_case/authentications/LogoutUserUseCase.js": {"path":"/Users/rizkyachmadsyah/MyProject/nodejs/dicoding/forum-api/src/Applications/use_case/authentications/LogoutUserUseCase.js","statementMap":{"0":{"start":{"line":5,"column":4},"end":{"line":5,"column":62}},"1":{"start":{"line":9,"column":4},"end":{"line":9,"column":42}},"2":{"start":{"line":10,"column":29},"end":{"line":10,"column":43}},"3":{"start":{"line":11,"column":4},"end":{"line":11,"column":78}},"4":{"start":{"line":12,"column":4},"end":{"line":12,"column":67}},"5":{"start":{"line":16,"column":29},"end":{"line":16,"column":36}},"6":{"start":{"line":17,"column":4},"end":{"line":19,"column":5}},"7":{"start":{"line":18,"column":6},"end":{"line":18,"column":82}},"8":{"start":{"line":21,"column":4},"end":{"line":23,"column":5}},"9":{"start":{"line":22,"column":6},"end":{"line":22,"column":97}},"10":{"start":{"line":27,"column":0},"end":{"line":27,"column":35}}},"fnMap":{"0":{"name":"(anonymous_0)","decl":{"start":{"line":2,"column":2},"end":{"line":2,"column":3}},"loc":{"start":{"line":4,"column":5},"end":{"line":6,"column":3}},"line":4},"1":{"name":"(anonymous_1)","decl":{"start":{"line":8,"column":2},"end":{"line":8,"column":3}},"loc":{"start":{"line":8,"column":32},"end":{"line":13,"column":3}},"line":8},"2":{"name":"(anonymous_2)","decl":{"start":{"line":15,"column":2},"end":{"line":15,"column":3}},"loc":{"start":{"line":15,"column":28},"end":{"line":24,"column":3}},"line":15}},"branchMap":{"0":{"loc":{"start":{"line":17,"column":4},"end":{"line":19,"column":5}},"type":"if","locations":[{"start":{"line":17,"column":4},"end":{"line":19,"column":5}},{"start":{},"end":{}}],"line":17},"1":{"loc":{"start":{"line":21,"column":4},"end":{"line":23,"column":5}},"type":"if","locations":[{"start":{"line":21,"column":4},"end":{"line":23,"column":5}},{"start":{},"end":{}}],"line":21}},"s":{"0":4,"1":7,"2":3,"3":3,"4":2,"5":7,"6":7,"7":2,"8":5,"9":2,"10":7},"f":{"0":4,"1":7,"2":7},"b":{"0":[2,5],"1":[2,3]},"_coverageSchema":"1a1c01bbd47fc00a2c39e90264f33305004495a9","hash":"71ad8b289eb1f7a924df98d906cc789a63da004a"}
,"/Users/rizkyachmadsyah/MyProject/nodejs/dicoding/forum-api/src/Applications/use_case/authentications/RefreshAuthenticationUseCase.js": {"path":"/Users/rizkyachmadsyah/MyProject/nodejs/dicoding/forum-api/src/Applications/use_case/authentications/RefreshAuthenticationUseCase.js","statementMap":{"0":{"start":{"line":6,"column":4},"end":{"line":6,"column":62}},"1":{"start":{"line":7,"column":4},"end":{"line":7,"column":66}},"2":{"start":{"line":11,"column":4},"end":{"line":11,"column":40}},"3":{"start":{"line":12,"column":29},"end":{"line":12,"column":43}},"4":{"start":{"line":14,"column":4},"end":{"line":14,"column":76}},"5":{"start":{"line":15,"column":4},"end":{"line":15,"column":78}},"6":{"start":{"line":17,"column":29},"end":{"line":17,"column":95}},"7":{"start":{"line":19,"column":4},"end":{"line":19,"column":80}},"8":{"start":{"line":23,"column":29},"end":{"line":23,"column":36}},"9":{"start":{"line":25,"column":4},"end":{"line":27,"column":5}},"10":{"start":{"line":26,"column":6},"end":{"line":26,"column":83}},"11":{"start":{"line":29,"column":4},"end":{"line":31,"column":5}},"12":{"start":{"line":30,"column":6},"end":{"line":30,"column":98}},"13":{"start":{"line":35,"column":0},"end":{"line":35,"column":46}}},"fnMap":{"0":{"name":"(anonymous_0)","decl":{"start":{"line":2,"column":2},"end":{"line":2,"column":3}},"loc":{"start":{"line":5,"column":5},"end":{"line":8,"column":3}},"line":5},"1":{"name":"(anonymous_1)","decl":{"start":{"line":10,"column":2},"end":{"line":10,"column":3}},"loc":{"start":{"line":10,"column":32},"end":{"line":20,"column":3}},"line":10},"2":{"name":"(anonymous_2)","decl":{"start":{"line":22,"column":2},"end":{"line":22,"column":3}},"loc":{"start":{"line":22,"column":26},"end":{"line":32,"column":3}},"line":22}},"branchMap":{"0":{"loc":{"start":{"line":25,"column":4},"end":{"line":27,"column":5}},"type":"if","locations":[{"start":{"line":25,"column":4},"end":{"line":27,"column":5}},{"start":{},"end":{}}],"line":25},"1":{"loc":{"start":{"line":29,"column":4},"end":{"line":31,"column":5}},"type":"if","locations":[{"start":{"line":29,"column":4},"end":{"line":31,"column":5}},{"start":{},"end":{}}],"line":29}},"s":{"0":4,"1":4,"2":8,"3":4,"4":4,"5":3,"6":2,"7":2,"8":8,"9":8,"10":2,"11":6,"12":2,"13":7},"f":{"0":4,"1":8,"2":8},"b":{"0":[2,6],"1":[2,4]},"_coverageSchema":"1a1c01bbd47fc00a2c39e90264f33305004495a9","hash":"d36c512ef24c24b334b1c0a1c806c449206d3a65"}
,"/Users/rizkyachmadsyah/MyProject/nodejs/dicoding/forum-api/src/Applications/use_case/threadCommentReplies/AddReplyUseCase.js": {"path":"/Users/rizkyachmadsyah/MyProject/nodejs/dicoding/forum-api/src/Applications/use_case/threadCommentReplies/AddReplyUseCase.js","statementMap":{"0":{"start":{"line":1,"column":17},"end":{"line":1,"column":83}},"1":{"start":{"line":9,"column":4},"end":{"line":9,"column":46}},"2":{"start":{"line":10,"column":4},"end":{"line":10,"column":60}},"3":{"start":{"line":11,"column":4},"end":{"line":11,"column":70}},"4":{"start":{"line":15,"column":21},"end":{"line":15,"column":49}},"5":{"start":{"line":17,"column":25},"end":{"line":17,"column":91}},"6":{"start":{"line":18,"column":4},"end":{"line":20,"column":5}},"7":{"start":{"line":19,"column":6},"end":{"line":19,"column":42}},"8":{"start":{"line":22,"column":32},"end":{"line":22,"column":107}},"9":{"start":{"line":23,"column":4},"end":{"line":25,"column":5}},"10":{"start":{"line":24,"column":6},"end":{"line":24,"column":50}},"11":{"start":{"line":27,"column":4},"end":{"line":27,"column":71}},"12":{"start":{"line":31,"column":0},"end":{"line":31,"column":33}}},"fnMap":{"0":{"name":"(anonymous_0)","decl":{"start":{"line":4,"column":2},"end":{"line":4,"column":3}},"loc":{"start":{"line":8,"column":5},"end":{"line":12,"column":3}},"line":8},"1":{"name":"(anonymous_1)","decl":{"start":{"line":14,"column":2},"end":{"line":14,"column":3}},"loc":{"start":{"line":14,"column":32},"end":{"line":28,"column":3}},"line":14}},"branchMap":{"0":{"loc":{"start":{"line":18,"column":4},"end":{"line":20,"column":5}},"type":"if","locations":[{"start":{"line":18,"column":4},"end":{"line":20,"column":5}},{"start":{},"end":{}}],"line":18},"1":{"loc":{"start":{"line":23,"column":4},"end":{"line":25,"column":5}},"type":"if","locations":[{"start":{"line":23,"column":4},"end":{"line":25,"column":5}},{"start":{},"end":{}}],"line":23}},"s":{"0":7,"1":3,"2":3,"3":3,"4":10,"5":8,"6":8,"7":1,"8":7,"9":7,"10":1,"11":6,"12":7},"f":{"0":3,"1":10},"b":{"0":[1,7],"1":[1,6]},"_coverageSchema":"1a1c01bbd47fc00a2c39e90264f33305004495a9","hash":"763787a022b8313460702e48f4408ae25f848ac3"}
,"/Users/rizkyachmadsyah/MyProject/nodejs/dicoding/forum-api/src/Applications/use_case/threadCommentReplies/DeleteReplyUseCase.js": {"path":"/Users/rizkyachmadsyah/MyProject/nodejs/dicoding/forum-api/src/Applications/use_case/threadCommentReplies/DeleteReplyUseCase.js","statementMap":{"0":{"start":{"line":5,"column":4},"end":{"line":5,"column":70}},"1":{"start":{"line":9,"column":29},"end":{"line":9,"column":43}},"2":{"start":{"line":10,"column":18},"end":{"line":10,"column":80}},"3":{"start":{"line":12,"column":4},"end":{"line":14,"column":5}},"4":{"start":{"line":13,"column":6},"end":{"line":13,"column":56}},"5":{"start":{"line":16,"column":4},"end":{"line":18,"column":5}},"6":{"start":{"line":17,"column":6},"end":{"line":17,"column":60}},"7":{"start":{"line":20,"column":4},"end":{"line":20,"column":66}},"8":{"start":{"line":24,"column":0},"end":{"line":24,"column":36}}},"fnMap":{"0":{"name":"(anonymous_0)","decl":{"start":{"line":2,"column":2},"end":{"line":2,"column":3}},"loc":{"start":{"line":4,"column":17},"end":{"line":6,"column":3}},"line":4},"1":{"name":"(anonymous_1)","decl":{"start":{"line":8,"column":2},"end":{"line":8,"column":3}},"loc":{"start":{"line":8,"column":32},"end":{"line":21,"column":3}},"line":8}},"branchMap":{"0":{"loc":{"start":{"line":12,"column":4},"end":{"line":14,"column":5}},"type":"if","locations":[{"start":{"line":12,"column":4},"end":{"line":14,"column":5}},{"start":{},"end":{}}],"line":12},"1":{"loc":{"start":{"line":16,"column":4},"end":{"line":18,"column":5}},"type":"if","locations":[{"start":{"line":16,"column":4},"end":{"line":18,"column":5}},{"start":{},"end":{}}],"line":16}},"s":{"0":3,"1":5,"2":5,"3":5,"4":1,"5":4,"6":1,"7":3,"8":7},"f":{"0":3,"1":5},"b":{"0":[1,4],"1":[1,3]},"_coverageSchema":"1a1c01bbd47fc00a2c39e90264f33305004495a9","hash":"6c216a339eb50b2866dedf7cc5145b3fc437959c"}
,"/Users/rizkyachmadsyah/MyProject/nodejs/dicoding/forum-api/src/Applications/use_case/threadComments/AddCommentUseCase.js": {"path":"/Users/rizkyachmadsyah/MyProject/nodejs/dicoding/forum-api/src/Applications/use_case/threadComments/AddCommentUseCase.js","statementMap":{"0":{"start":{"line":1,"column":25},"end":{"line":1,"column":93}},"1":{"start":{"line":8,"column":4},"end":{"line":8,"column":60}},"2":{"start":{"line":9,"column":4},"end":{"line":9,"column":46}},"3":{"start":{"line":13,"column":23},"end":{"line":13,"column":59}},"4":{"start":{"line":14,"column":19},"end":{"line":14,"column":87}},"5":{"start":{"line":15,"column":4},"end":{"line":17,"column":5}},"6":{"start":{"line":16,"column":6},"end":{"line":16,"column":42}},"7":{"start":{"line":19,"column":4},"end":{"line":19,"column":70}},"8":{"start":{"line":23,"column":0},"end":{"line":23,"column":35}}},"fnMap":{"0":{"name":"(anonymous_0)","decl":{"start":{"line":4,"column":2},"end":{"line":4,"column":3}},"loc":{"start":{"line":7,"column":5},"end":{"line":10,"column":3}},"line":7},"1":{"name":"(anonymous_1)","decl":{"start":{"line":12,"column":2},"end":{"line":12,"column":3}},"loc":{"start":{"line":12,"column":32},"end":{"line":20,"column":3}},"line":12}},"branchMap":{"0":{"loc":{"start":{"line":15,"column":4},"end":{"line":17,"column":5}},"type":"if","locations":[{"start":{"line":15,"column":4},"end":{"line":17,"column":5}},{"start":{},"end":{}}],"line":15}},"s":{"0":7,"1":4,"2":4,"3":18,"4":16,"5":16,"6":1,"7":15,"8":7},"f":{"0":4,"1":18},"b":{"0":[1,15]},"_coverageSchema":"1a1c01bbd47fc00a2c39e90264f33305004495a9","hash":"323d63ecd88c223516f1d28ce689eee95407e5bb"}
,"/Users/rizkyachmadsyah/MyProject/nodejs/dicoding/forum-api/src/Applications/use_case/threadComments/DeleteCommentUseCase.js": {"path":"/Users/rizkyachmadsyah/MyProject/nodejs/dicoding/forum-api/src/Applications/use_case/threadComments/DeleteCommentUseCase.js","statementMap":{"0":{"start":{"line":5,"column":4},"end":{"line":5,"column":60}},"1":{"start":{"line":9,"column":31},"end":{"line":9,"column":45}},"2":{"start":{"line":11,"column":20},"end":{"line":11,"column":81}},"3":{"start":{"line":13,"column":4},"end":{"line":15,"column":5}},"4":{"start":{"line":14,"column":6},"end":{"line":14,"column":50}},"5":{"start":{"line":17,"column":4},"end":{"line":19,"column":5}},"6":{"start":{"line":18,"column":6},"end":{"line":18,"column":62}},"7":{"start":{"line":21,"column":4},"end":{"line":21,"column":65}},"8":{"start":{"line":25,"column":0},"end":{"line":25,"column":38}}},"fnMap":{"0":{"name":"(anonymous_0)","decl":{"start":{"line":2,"column":2},"end":{"line":2,"column":3}},"loc":{"start":{"line":4,"column":5},"end":{"line":6,"column":3}},"line":4},"1":{"name":"(anonymous_1)","decl":{"start":{"line":8,"column":2},"end":{"line":8,"column":3}},"loc":{"start":{"line":8,"column":32},"end":{"line":22,"column":3}},"line":8}},"branchMap":{"0":{"loc":{"start":{"line":13,"column":4},"end":{"line":15,"column":5}},"type":"if","locations":[{"start":{"line":13,"column":4},"end":{"line":15,"column":5}},{"start":{},"end":{}}],"line":13},"1":{"loc":{"start":{"line":17,"column":4},"end":{"line":19,"column":5}},"type":"if","locations":[{"start":{"line":17,"column":4},"end":{"line":19,"column":5}},{"start":{},"end":{}}],"line":17}},"s":{"0":3,"1":5,"2":5,"3":5,"4":1,"5":4,"6":1,"7":3,"8":7},"f":{"0":3,"1":5},"b":{"0":[1,4],"1":[1,3]},"_coverageSchema":"1a1c01bbd47fc00a2c39e90264f33305004495a9","hash":"b70c81e4f87aa96fdd18c4319573dc4a39b75df0"}
,"/Users/rizkyachmadsyah/MyProject/nodejs/dicoding/forum-api/src/Applications/use_case/threads/DetailThreadUseCase.js": {"path":"/Users/rizkyachmadsyah/MyProject/nodejs/dicoding/forum-api/src/Applications/use_case/threads/DetailThreadUseCase.js","statementMap":{"0":{"start":{"line":7,"column":4},"end":{"line":7,"column":46}},"1":{"start":{"line":8,"column":4},"end":{"line":8,"column":60}},"2":{"start":{"line":9,"column":4},"end":{"line":9,"column":70}},"3":{"start":{"line":13,"column":19},"end":{"line":13,"column":77}},"4":{"start":{"line":15,"column":4},"end":{"line":17,"column":5}},"5":{"start":{"line":16,"column":6},"end":{"line":16,"column":42}},"6":{"start":{"line":19,"column":21},"end":{"line":19,"column":89}},"7":{"start":{"line":21,"column":4},"end":{"line":42,"column":5}},"8":{"start":{"line":22,"column":6},"end":{"line":22,"column":32}},"9":{"start":{"line":24,"column":6},"end":{"line":41,"column":7}},"10":{"start":{"line":25,"column":8},"end":{"line":27,"column":9}},"11":{"start":{"line":26,"column":10},"end":{"line":26,"column":57}},"12":{"start":{"line":28,"column":8},"end":{"line":28,"column":32}},"13":{"start":{"line":30,"column":24},"end":{"line":30,"column":98}},"14":{"start":{"line":31,"column":8},"end":{"line":40,"column":9}},"15":{"start":{"line":32,"column":10},"end":{"line":32,"column":36}},"16":{"start":{"line":34,"column":10},"end":{"line":39,"column":11}},"17":{"start":{"line":35,"column":12},"end":{"line":37,"column":13}},"18":{"start":{"line":36,"column":14},"end":{"line":36,"column":58}},"19":{"start":{"line":38,"column":12},"end":{"line":38,"column":34}},"20":{"start":{"line":44,"column":4},"end":{"line":44,"column":18}},"21":{"start":{"line":48,"column":0},"end":{"line":48,"column":37}}},"fnMap":{"0":{"name":"(anonymous_0)","decl":{"start":{"line":2,"column":2},"end":{"line":2,"column":3}},"loc":{"start":{"line":6,"column":5},"end":{"line":10,"column":3}},"line":6},"1":{"name":"(anonymous_1)","decl":{"start":{"line":12,"column":2},"end":{"line":12,"column":3}},"loc":{"start":{"line":12,"column":32},"end":{"line":45,"column":3}},"line":12}},"branchMap":{"0":{"loc":{"start":{"line":15,"column":4},"end":{"line":17,"column":5}},"type":"if","locations":[{"start":{"line":15,"column":4},"end":{"line":17,"column":5}},{"start":{},"end":{}}],"line":15},"1":{"loc":{"start":{"line":21,"column":4},"end":{"line":42,"column":5}},"type":"if","locations":[{"start":{"line":21,"column":4},"end":{"line":42,"column":5}},{"start":{},"end":{}}],"line":21},"2":{"loc":{"start":{"line":25,"column":8},"end":{"line":27,"column":9}},"type":"if","locations":[{"start":{"line":25,"column":8},"end":{"line":27,"column":9}},{"start":{},"end":{}}],"line":25},"3":{"loc":{"start":{"line":31,"column":8},"end":{"line":40,"column":9}},"type":"if","locations":[{"start":{"line":31,"column":8},"end":{"line":40,"column":9}},{"start":{},"end":{}}],"line":31},"4":{"loc":{"start":{"line":35,"column":12},"end":{"line":37,"column":13}},"type":"if","locations":[{"start":{"line":35,"column":12},"end":{"line":37,"column":13}},{"start":{},"end":{}}],"line":35}},"s":{"0":2,"1":2,"2":2,"3":6,"4":6,"5":1,"6":5,"7":5,"8":4,"9":4,"10":4,"11":1,"12":4,"13":4,"14":4,"15":3,"16":3,"17":3,"18":1,"19":3,"20":5,"21":7},"f":{"0":2,"1":6},"b":{"0":[1,5],"1":[4,1],"2":[1,3],"3":[3,1],"4":[1,2]},"_coverageSchema":"1a1c01bbd47fc00a2c39e90264f33305004495a9","hash":"5f9e701e0f5b62b45ca27d6a2ad59d4f6da12995"}
,"/Users/rizkyachmadsyah/MyProject/nodejs/dicoding/forum-api/src/Applications/use_case/threads/NewThreadUseCase.js": {"path":"/Users/rizkyachmadsyah/MyProject/nodejs/dicoding/forum-api/src/Applications/use_case/threads/NewThreadUseCase.js","statementMap":{"0":{"start":{"line":1,"column":18},"end":{"line":1,"column":72}},"1":{"start":{"line":7,"column":4},"end":{"line":7,"column":46}},"2":{"start":{"line":11,"column":22},"end":{"line":11,"column":51}},"3":{"start":{"line":12,"column":4},"end":{"line":12,"column":61}},"4":{"start":{"line":16,"column":0},"end":{"line":16,"column":34}}},"fnMap":{"0":{"name":"(anonymous_0)","decl":{"start":{"line":4,"column":2},"end":{"line":4,"column":3}},"loc":{"start":{"line":6,"column":5},"end":{"line":8,"column":3}},"line":6},"1":{"name":"(anonymous_1)","decl":{"start":{"line":10,"column":2},"end":{"line":10,"column":3}},"loc":{"start":{"line":10,"column":32},"end":{"line":13,"column":3}},"line":10}},"branchMap":{},"s":{"0":7,"1":4,"2":22,"3":20,"4":7},"f":{"0":4,"1":22},"b":{},"_coverageSchema":"1a1c01bbd47fc00a2c39e90264f33305004495a9","hash":"a2e6455230255ecd652433da0411fead7a35e6aa"}
,"/Users/rizkyachmadsyah/MyProject/nodejs/dicoding/forum-api/src/Applications/use_case/users/AddUserUseCase.js": {"path":"/Users/rizkyachmadsyah/MyProject/nodejs/dicoding/forum-api/src/Applications/use_case/users/AddUserUseCase.js","statementMap":{"0":{"start":{"line":1,"column":21},"end":{"line":1,"column":76}},"1":{"start":{"line":5,"column":4},"end":{"line":5,"column":42}},"2":{"start":{"line":6,"column":4},"end":{"line":6,"column":38}},"3":{"start":{"line":10,"column":25},"end":{"line":10,"column":57}},"4":{"start":{"line":11,"column":4},"end":{"line":11,"column":78}},"5":{"start":{"line":12,"column":4},"end":{"line":12,"column":81}},"6":{"start":{"line":13,"column":4},"end":{"line":13,"column":54}},"7":{"start":{"line":17,"column":0},"end":{"line":17,"column":32}}},"fnMap":{"0":{"name":"(anonymous_0)","decl":{"start":{"line":4,"column":2},"end":{"line":4,"column":3}},"loc":{"start":{"line":4,"column":48},"end":{"line":7,"column":3}},"line":4},"1":{"name":"(anonymous_1)","decl":{"start":{"line":9,"column":2},"end":{"line":9,"column":3}},"loc":{"start":{"line":9,"column":32},"end":{"line":14,"column":3}},"line":9}},"branchMap":{},"s":{"0":7,"1":3,"2":3,"3":10,"4":6,"5":5,"6":5,"7":7},"f":{"0":3,"1":10},"b":{},"_coverageSchema":"1a1c01bbd47fc00a2c39e90264f33305004495a9","hash":"b1c62627673c53337aac9c743fa9ecf9bf9f0b45"}
,"/Users/rizkyachmadsyah/MyProject/nodejs/dicoding/forum-api/src/Commons/exceptions/AuthenticationError.js": {"path":"/Users/rizkyachmadsyah/MyProject/nodejs/dicoding/forum-api/src/Commons/exceptions/AuthenticationError.js","statementMap":{"0":{"start":{"line":1,"column":20},"end":{"line":1,"column":44}},"1":{"start":{"line":5,"column":4},"end":{"line":5,"column":24}},"2":{"start":{"line":6,"column":4},"end":{"line":6,"column":38}},"3":{"start":{"line":10,"column":0},"end":{"line":10,"column":37}}},"fnMap":{"0":{"name":"(anonymous_0)","decl":{"start":{"line":4,"column":2},"end":{"line":4,"column":3}},"loc":{"start":{"line":4,"column":23},"end":{"line":7,"column":3}},"line":4}},"branchMap":{},"s":{"0":7,"1":3,"2":3,"3":7},"f":{"0":3},"b":{},"_coverageSchema":"1a1c01bbd47fc00a2c39e90264f33305004495a9","hash":"d0e3557543fbd48c219dcaf9d91a0234d3cd4f0c"}
,"/Users/rizkyachmadsyah/MyProject/nodejs/dicoding/forum-api/src/Commons/exceptions/AuthorizationError.js": {"path":"/Users/rizkyachmadsyah/MyProject/nodejs/dicoding/forum-api/src/Commons/exceptions/AuthorizationError.js","statementMap":{"0":{"start":{"line":1,"column":20},"end":{"line":1,"column":44}},"1":{"start":{"line":5,"column":4},"end":{"line":5,"column":24}},"2":{"start":{"line":6,"column":4},"end":{"line":6,"column":37}},"3":{"start":{"line":10,"column":0},"end":{"line":10,"column":36}}},"fnMap":{"0":{"name":"(anonymous_0)","decl":{"start":{"line":4,"column":2},"end":{"line":4,"column":3}},"loc":{"start":{"line":4,"column":23},"end":{"line":7,"column":3}},"line":4}},"branchMap":{},"s":{"0":8,"1":15,"2":15,"3":8},"f":{"0":15},"b":{},"_coverageSchema":"1a1c01bbd47fc00a2c39e90264f33305004495a9","hash":"3797aab6d3ce2704ee0c2870ca9f17c1dbf3bc28"}
,"/Users/rizkyachmadsyah/MyProject/nodejs/dicoding/forum-api/src/Commons/exceptions/ClientError.js": {"path":"/Users/rizkyachmadsyah/MyProject/nodejs/dicoding/forum-api/src/Commons/exceptions/ClientError.js","statementMap":{"0":{"start":{"line":3,"column":5},"end":{"line":3,"column":20}},"1":{"start":{"line":5,"column":5},"end":{"line":7,"column":6}},"2":{"start":{"line":6,"column":7},"end":{"line":6,"column":60}},"3":{"start":{"line":9,"column":5},"end":{"line":9,"column":34}},"4":{"start":{"line":10,"column":5},"end":{"line":10,"column":31}},"5":{"start":{"line":14,"column":0},"end":{"line":14,"column":29}}},"fnMap":{"0":{"name":"(anonymous_0)","decl":{"start":{"line":2,"column":3},"end":{"line":2,"column":4}},"loc":{"start":{"line":2,"column":42},"end":{"line":11,"column":4}},"line":2}},"branchMap":{"0":{"loc":{"start":{"line":2,"column":24},"end":{"line":2,"column":40}},"type":"default-arg","locations":[{"start":{"line":2,"column":37},"end":{"line":2,"column":40}}],"line":2},"1":{"loc":{"start":{"line":5,"column":5},"end":{"line":7,"column":6}},"type":"if","locations":[{"start":{"line":5,"column":5},"end":{"line":7,"column":6}},{"start":{},"end":{}}],"line":5}},"s":{"0":167,"1":167,"2":1,"3":166,"4":166,"5":16},"f":{"0":167},"b":{"0":[127],"1":[1,166]},"_coverageSchema":"1a1c01bbd47fc00a2c39e90264f33305004495a9","hash":"a3a461a4fcf18e684160869c173480a75b65e3e6"}
,"/Users/rizkyachmadsyah/MyProject/nodejs/dicoding/forum-api/src/Commons/exceptions/DomainErrorTranslator.js": {"path":"/Users/rizkyachmadsyah/MyProject/nodejs/dicoding/forum-api/src/Commons/exceptions/DomainErrorTranslator.js","statementMap":{"0":{"start":{"line":1,"column":23},"end":{"line":1,"column":50}},"1":{"start":{"line":2,"column":27},"end":{"line":2,"column":58}},"2":{"start":{"line":3,"column":22},"end":{"line":3,"column":48}},"3":{"start":{"line":5,"column":30},"end":{"line":9,"column":1}},"4":{"start":{"line":7,"column":4},"end":{"line":7,"column":70}},"5":{"start":{"line":11,"column":0},"end":{"line":33,"column":2}},"6":{"start":{"line":35,"column":0},"end":{"line":35,"column":39}}},"fnMap":{"0":{"name":"(anonymous_0)","decl":{"start":{"line":6,"column":2},"end":{"line":6,"column":3}},"loc":{"start":{"line":6,"column":19},"end":{"line":8,"column":3}},"line":6}},"branchMap":{"0":{"loc":{"start":{"line":7,"column":11},"end":{"line":7,"column":69}},"type":"binary-expr","locations":[{"start":{"line":7,"column":11},"end":{"line":7,"column":60}},{"start":{"line":7,"column":64},"end":{"line":7,"column":69}}],"line":7}},"s":{"0":7,"1":7,"2":7,"3":7,"4":37,"5":7,"6":7},"f":{"0":37},"b":{"0":[37,9]},"_coverageSchema":"1a1c01bbd47fc00a2c39e90264f33305004495a9","hash":"29745656bf08ae560bfea444d72c7e1b69d45db1"}
,"/Users/rizkyachmadsyah/MyProject/nodejs/dicoding/forum-api/src/Commons/exceptions/InvariantError.js": {"path":"/Users/rizkyachmadsyah/MyProject/nodejs/dicoding/forum-api/src/Commons/exceptions/InvariantError.js","statementMap":{"0":{"start":{"line":1,"column":20},"end":{"line":1,"column":44}},"1":{"start":{"line":5,"column":4},"end":{"line":5,"column":19}},"2":{"start":{"line":6,"column":4},"end":{"line":6,"column":33}},"3":{"start":{"line":10,"column":0},"end":{"line":10,"column":32}}},"fnMap":{"0":{"name":"(anonymous_0)","decl":{"start":{"line":4,"column":2},"end":{"line":4,"column":3}},"loc":{"start":{"line":4,"column":23},"end":{"line":7,"column":3}},"line":4}},"branchMap":{},"s":{"0":11,"1":126,"2":126,"3":11},"f":{"0":126},"b":{},"_coverageSchema":"1a1c01bbd47fc00a2c39e90264f33305004495a9","hash":"2479cec70167824b08ddf99dc515c2f28416ec49"}
,"/Users/rizkyachmadsyah/MyProject/nodejs/dicoding/forum-api/src/Commons/exceptions/NotFoundError.js": {"path":"/Users/rizkyachmadsyah/MyProject/nodejs/dicoding/forum-api/src/Commons/exceptions/NotFoundError.js","statementMap":{"0":{"start":{"line":1,"column":20},"end":{"line":1,"column":44}},"1":{"start":{"line":5,"column":4},"end":{"line":5,"column":24}},"2":{"start":{"line":6,"column":4},"end":{"line":6,"column":31}},"3":{"start":{"line":10,"column":0},"end":{"line":10,"column":31}}},"fnMap":{"0":{"name":"(anonymous_0)","decl":{"start":{"line":4,"column":2},"end":{"line":4,"column":3}},"loc":{"start":{"line":4,"column":23},"end":{"line":7,"column":3}},"line":4}},"branchMap":{},"s":{"0":8,"1":22,"2":22,"3":8},"f":{"0":22},"b":{},"_coverageSchema":"1a1c01bbd47fc00a2c39e90264f33305004495a9","hash":"896a1f522d550da9ae2bca81ca80f3c35ac69043"}
,"/Users/rizkyachmadsyah/MyProject/nodejs/dicoding/forum-api/src/Domains/authentications/AuthenticationRepository.js": {"path":"/Users/rizkyachmadsyah/MyProject/nodejs/dicoding/forum-api/src/Domains/authentications/AuthenticationRepository.js","statementMap":{"0":{"start":{"line":3,"column":4},"end":{"line":3,"column":71}},"1":{"start":{"line":7,"column":4},"end":{"line":7,"column":71}},"2":{"start":{"line":11,"column":4},"end":{"line":11,"column":71}},"3":{"start":{"line":15,"column":0},"end":{"line":15,"column":42}}},"fnMap":{"0":{"name":"(anonymous_0)","decl":{"start":{"line":2,"column":2},"end":{"line":2,"column":3}},"loc":{"start":{"line":2,"column":24},"end":{"line":4,"column":3}},"line":2},"1":{"name":"(anonymous_1)","decl":{"start":{"line":6,"column":2},"end":{"line":6,"column":3}},"loc":{"start":{"line":6,"column":38},"end":{"line":8,"column":3}},"line":6},"2":{"name":"(anonymous_2)","decl":{"start":{"line":10,"column":2},"end":{"line":10,"column":3}},"loc":{"start":{"line":10,"column":27},"end":{"line":12,"column":3}},"line":10}},"branchMap":{},"s":{"0":1,"1":1,"2":1,"3":11},"f":{"0":1,"1":1,"2":1},"b":{},"_coverageSchema":"1a1c01bbd47fc00a2c39e90264f33305004495a9","hash":"6b510e1cdb6eaef3a547c318ea7b2ef623a859f9"}
,"/Users/rizkyachmadsyah/MyProject/nodejs/dicoding/forum-api/src/Domains/authentications/entities/NewAuth.js": {"path":"/Users/rizkyachmadsyah/MyProject/nodejs/dicoding/forum-api/src/Domains/authentications/entities/NewAuth.js","statementMap":{"0":{"start":{"line":3,"column":4},"end":{"line":3,"column":33}},"1":{"start":{"line":5,"column":4},"end":{"line":5,"column":43}},"2":{"start":{"line":6,"column":4},"end":{"line":6,"column":45}},"3":{"start":{"line":10,"column":42},"end":{"line":10,"column":49}},"4":{"start":{"line":12,"column":4},"end":{"line":14,"column":5}},"5":{"start":{"line":13,"column":6},"end":{"line":13,"column":62}},"6":{"start":{"line":16,"column":4},"end":{"line":18,"column":5}},"7":{"start":{"line":17,"column":6},"end":{"line":17,"column":67}},"8":{"start":{"line":22,"column":0},"end":{"line":22,"column":25}}},"fnMap":{"0":{"name":"(anonymous_0)","decl":{"start":{"line":2,"column":2},"end":{"line":2,"column":3}},"loc":{"start":{"line":2,"column":23},"end":{"line":7,"column":3}},"line":2},"1":{"name":"(anonymous_1)","decl":{"start":{"line":9,"column":2},"end":{"line":9,"column":3}},"loc":{"start":{"line":9,"column":26},"end":{"line":19,"column":3}},"line":9}},"branchMap":{"0":{"loc":{"start":{"line":12,"column":4},"end":{"line":14,"column":5}},"type":"if","locations":[{"start":{"line":12,"column":4},"end":{"line":14,"column":5}},{"start":{},"end":{}}],"line":12},"1":{"loc":{"start":{"line":12,"column":8},"end":{"line":12,"column":37}},"type":"binary-expr","locations":[{"start":{"line":12,"column":8},"end":{"line":12,"column":20}},{"start":{"line":12,"column":24},"end":{"line":12,"column":37}}],"line":12},"2":{"loc":{"start":{"line":16,"column":4},"end":{"line":18,"column":5}},"type":"if","locations":[{"start":{"line":16,"column":4},"end":{"line":18,"column":5}},{"start":{},"end":{}}],"line":16},"3":{"loc":{"start":{"line":16,"column":8},"end":{"line":16,"column":75}},"type":"binary-expr","locations":[{"start":{"line":16,"column":8},"end":{"line":16,"column":39}},{"start":{"line":16,"column":43},"end":{"line":16,"column":75}}],"line":16}},"s":{"0":7,"1":5,"2":5,"3":7,"4":7,"5":1,"6":6,"7":1,"8":8},"f":{"0":7,"1":7},"b":{"0":[1,6],"1":[7,7],"2":[1,5],"3":[6,6]},"_coverageSchema":"1a1c01bbd47fc00a2c39e90264f33305004495a9","hash":"f8c197d2513a93219788b7ff27a1aaea0eaaa391"}
,"/Users/rizkyachmadsyah/MyProject/nodejs/dicoding/forum-api/src/Domains/threadCommentReplies/ThreadCommentReplyRepository.js": {"path":"/Users/rizkyachmadsyah/MyProject/nodejs/dicoding/forum-api/src/Domains/threadCommentReplies/ThreadCommentReplyRepository.js","statementMap":{"0":{"start":{"line":3,"column":4},"end":{"line":3,"column":78}},"1":{"start":{"line":7,"column":4},"end":{"line":7,"column":78}},"2":{"start":{"line":11,"column":4},"end":{"line":11,"column":78}},"3":{"start":{"line":15,"column":4},"end":{"line":15,"column":78}},"4":{"start":{"line":19,"column":0},"end":{"line":19,"column":46}}},"fnMap":{"0":{"name":"(anonymous_0)","decl":{"start":{"line":2,"column":2},"end":{"line":2,"column":3}},"loc":{"start":{"line":2,"column":27},"end":{"line":4,"column":3}},"line":2},"1":{"name":"(anonymous_1)","decl":{"start":{"line":6,"column":2},"end":{"line":6,"column":3}},"loc":{"start":{"line":6,"column":30},"end":{"line":8,"column":3}},"line":6},"2":{"name":"(anonymous_2)","decl":{"start":{"line":10,"column":2},"end":{"line":10,"column":3}},"loc":{"start":{"line":10,"column":31},"end":{"line":12,"column":3}},"line":10},"3":{"name":"(anonymous_3)","decl":{"start":{"line":14,"column":2},"end":{"line":14,"column":3}},"loc":{"start":{"line":14,"column":40},"end":{"line":16,"column":3}},"line":14}},"branchMap":{},"s":{"0":1,"1":1,"2":1,"3":1,"4":10},"f":{"0":1,"1":1,"2":1,"3":1},"b":{},"_coverageSchema":"1a1c01bbd47fc00a2c39e90264f33305004495a9","hash":"21eb1a63588cacf4e715860c53acfe8ebdd9b9d7"}
,"/Users/rizkyachmadsyah/MyProject/nodejs/dicoding/forum-api/src/Domains/threadCommentReplies/entities/NewReply.js": {"path":"/Users/rizkyachmadsyah/MyProject/nodejs/dicoding/forum-api/src/Domains/threadCommentReplies/entities/NewReply.js","statementMap":{"0":{"start":{"line":3,"column":4},"end":{"line":3,"column":33}},"1":{"start":{"line":5,"column":4},"end":{"line":5,"column":35}},"2":{"start":{"line":6,"column":4},"end":{"line":6,"column":37}},"3":{"start":{"line":7,"column":4},"end":{"line":7,"column":39}},"4":{"start":{"line":8,"column":4},"end":{"line":8,"column":31}},"5":{"start":{"line":12,"column":52},"end":{"line":12,"column":59}},"6":{"start":{"line":14,"column":4},"end":{"line":16,"column":5}},"7":{"start":{"line":15,"column":6},"end":{"line":15,"column":63}},"8":{"start":{"line":18,"column":4},"end":{"line":20,"column":5}},"9":{"start":{"line":19,"column":6},"end":{"line":19,"column":68}},"10":{"start":{"line":24,"column":0},"end":{"line":24,"column":26}}},"fnMap":{"0":{"name":"(anonymous_0)","decl":{"start":{"line":2,"column":2},"end":{"line":2,"column":3}},"loc":{"start":{"line":2,"column":23},"end":{"line":9,"column":3}},"line":2},"1":{"name":"(anonymous_1)","decl":{"start":{"line":11,"column":2},"end":{"line":11,"column":3}},"loc":{"start":{"line":11,"column":26},"end":{"line":21,"column":3}},"line":11}},"branchMap":{"0":{"loc":{"start":{"line":14,"column":4},"end":{"line":16,"column":5}},"type":"if","locations":[{"start":{"line":14,"column":4},"end":{"line":16,"column":5}},{"start":{},"end":{}}],"line":14},"1":{"loc":{"start":{"line":14,"column":8},"end":{"line":14,"column":53}},"type":"binary-expr","locations":[{"start":{"line":14,"column":8},"end":{"line":14,"column":16}},{"start":{"line":14,"column":20},"end":{"line":14,"column":29}},{"start":{"line":14,"column":33},"end":{"line":14,"column":43}},{"start":{"line":14,"column":47},"end":{"line":14,"column":53}}],"line":14},"2":{"loc":{"start":{"line":18,"column":4},"end":{"line":20,"column":5}},"type":"if","locations":[{"start":{"line":18,"column":4},"end":{"line":20,"column":5}},{"start":{},"end":{}}],"line":18},"3":{"loc":{"start":{"line":18,"column":8},"end":{"line":18,"column":129}},"type":"binary-expr","locations":[{"start":{"line":18,"column":8},"end":{"line":18,"column":35}},{"start":{"line":18,"column":39},"end":{"line":18,"column":67}},{"start":{"line":18,"column":71},"end":{"line":18,"column":100}},{"start":{"line":18,"column":104},"end":{"line":18,"column":129}}],"line":18}},"s":{"0":17,"1":13,"2":13,"3":13,"4":13,"5":17,"6":17,"7":2,"8":15,"9":2,"10":9},"f":{"0":17,"1":17},"b":{"0":[2,15],"1":[17,15,15,15],"2":[2,13],"3":[15,13,13,13]},"_coverageSchema":"1a1c01bbd47fc00a2c39e90264f33305004495a9","hash":"c8ec9df8ef4fb93392421cd3d51fc6536984b843"}
,"/Users/rizkyachmadsyah/MyProject/nodejs/dicoding/forum-api/src/Domains/threadComments/ThreadCommentRepository.js": {"path":"/Users/rizkyachmadsyah/MyProject/nodejs/dicoding/forum-api/src/Domains/threadComments/ThreadCommentRepository.js","statementMap":{"0":{"start":{"line":3,"column":4},"end":{"line":3,"column":72}},"1":{"start":{"line":7,"column":4},"end":{"line":7,"column":72}},"2":{"start":{"line":11,"column":4},"end":{"line":11,"column":72}},"3":{"start":{"line":15,"column":4},"end":{"line":15,"column":72}},"4":{"start":{"line":19,"column":4},"end":{"line":19,"column":72}},"5":{"start":{"line":23,"column":0},"end":{"line":23,"column":41}}},"fnMap":{"0":{"name":"(anonymous_0)","decl":{"start":{"line":2,"column":2},"end":{"line":2,"column":3}},"loc":{"start":{"line":2,"column":37},"end":{"line":4,"column":3}},"line":2},"1":{"name":"(anonymous_1)","decl":{"start":{"line":6,"column":2},"end":{"line":6,"column":3}},"loc":{"start":{"line":6,"column":31},"end":{"line":8,"column":3}},"line":6},"2":{"name":"(anonymous_2)","decl":{"start":{"line":10,"column":2},"end":{"line":10,"column":3}},"loc":{"start":{"line":10,"column":34},"end":{"line":12,"column":3}},"line":10},"3":{"name":"(anonymous_3)","decl":{"start":{"line":14,"column":2},"end":{"line":14,"column":3}},"loc":{"start":{"line":14,"column":40},"end":{"line":16,"column":3}},"line":14},"4":{"name":"(anonymous_4)","decl":{"start":{"line":18,"column":2},"end":{"line":18,"column":3}},"loc":{"start":{"line":18,"column":38},"end":{"line":20,"column":3}},"line":18}},"branchMap":{},"s":{"0":1,"1":1,"2":1,"3":1,"4":1,"5":11},"f":{"0":1,"1":1,"2":1,"3":1,"4":1},"b":{},"_coverageSchema":"1a1c01bbd47fc00a2c39e90264f33305004495a9","hash":"61663a50966585e71985d3b7c3773176f18a4de8"}
,"/Users/rizkyachmadsyah/MyProject/nodejs/dicoding/forum-api/src/Domains/threadComments/entities/NewThreadComment.js": {"path":"/Users/rizkyachmadsyah/MyProject/nodejs/dicoding/forum-api/src/Domains/threadComments/entities/NewThreadComment.js","statementMap":{"0":{"start":{"line":3,"column":4},"end":{"line":3,"column":33}},"1":{"start":{"line":5,"column":4},"end":{"line":5,"column":35}},"2":{"start":{"line":6,"column":4},"end":{"line":6,"column":37}},"3":{"start":{"line":7,"column":4},"end":{"line":7,"column":31}},"4":{"start":{"line":11,"column":41},"end":{"line":11,"column":48}},"5":{"start":{"line":13,"column":4},"end":{"line":15,"column":5}},"6":{"start":{"line":14,"column":6},"end":{"line":14,"column":72}},"7":{"start":{"line":17,"column":4},"end":{"line":19,"column":5}},"8":{"start":{"line":18,"column":6},"end":{"line":18,"column":77}},"9":{"start":{"line":23,"column":0},"end":{"line":23,"column":34}}},"fnMap":{"0":{"name":"(anonymous_0)","decl":{"start":{"line":2,"column":2},"end":{"line":2,"column":3}},"loc":{"start":{"line":2,"column":23},"end":{"line":8,"column":3}},"line":2},"1":{"name":"(anonymous_1)","decl":{"start":{"line":10,"column":2},"end":{"line":10,"column":3}},"loc":{"start":{"line":10,"column":26},"end":{"line":20,"column":3}},"line":10}},"branchMap":{"0":{"loc":{"start":{"line":13,"column":4},"end":{"line":15,"column":5}},"type":"if","locations":[{"start":{"line":13,"column":4},"end":{"line":15,"column":5}},{"start":{},"end":{}}],"line":13},"1":{"loc":{"start":{"line":13,"column":8},"end":{"line":13,"column":39}},"type":"binary-expr","locations":[{"start":{"line":13,"column":8},"end":{"line":13,"column":16}},{"start":{"line":13,"column":20},"end":{"line":13,"column":29}},{"start":{"line":13,"column":33},"end":{"line":13,"column":39}}],"line":13},"2":{"loc":{"start":{"line":17,"column":4},"end":{"line":19,"column":5}},"type":"if","locations":[{"start":{"line":17,"column":4},"end":{"line":19,"column":5}},{"start":{},"end":{}}],"line":17},"3":{"loc":{"start":{"line":17,"column":8},"end":{"line":17,"column":96}},"type":"binary-expr","locations":[{"start":{"line":17,"column":8},"end":{"line":17,"column":35}},{"start":{"line":17,"column":39},"end":{"line":17,"column":67}},{"start":{"line":17,"column":71},"end":{"line":17,"column":96}}],"line":17}},"s":{"0":27,"1":23,"2":23,"3":23,"4":27,"5":27,"6":2,"7":25,"8":2,"9":9},"f":{"0":27,"1":27},"b":{"0":[2,25],"1":[27,25,25],"2":[2,23],"3":[25,23,23]},"_coverageSchema":"1a1c01bbd47fc00a2c39e90264f33305004495a9","hash":"ce4c81d1130ea62482a0a0798c24cea1961db927"}
,"/Users/rizkyachmadsyah/MyProject/nodejs/dicoding/forum-api/src/Domains/threads/ThreadRepository.js": {"path":"/Users/rizkyachmadsyah/MyProject/nodejs/dicoding/forum-api/src/Domains/threads/ThreadRepository.js","statementMap":{"0":{"start":{"line":3,"column":4},"end":{"line":3,"column":64}},"1":{"start":{"line":7,"column":4},"end":{"line":7,"column":64}},"2":{"start":{"line":11,"column":4},"end":{"line":11,"column":64}},"3":{"start":{"line":15,"column":0},"end":{"line":15,"column":34}}},"fnMap":{"0":{"name":"(anonymous_0)","decl":{"start":{"line":2,"column":2},"end":{"line":2,"column":3}},"loc":{"start":{"line":2,"column":29},"end":{"line":4,"column":3}},"line":2},"1":{"name":"(anonymous_1)","decl":{"start":{"line":6,"column":2},"end":{"line":6,"column":3}},"loc":{"start":{"line":6,"column":32},"end":{"line":8,"column":3}},"line":6},"2":{"name":"(anonymous_2)","decl":{"start":{"line":10,"column":2},"end":{"line":10,"column":3}},"loc":{"start":{"line":10,"column":37},"end":{"line":12,"column":3}},"line":10}},"branchMap":{},"s":{"0":1,"1":1,"2":1,"3":11},"f":{"0":1,"1":1,"2":1},"b":{},"_coverageSchema":"1a1c01bbd47fc00a2c39e90264f33305004495a9","hash":"3e11d3f9dd7953f5cb3eed7dfd2583008edb176a"}
,"/Users/rizkyachmadsyah/MyProject/nodejs/dicoding/forum-api/src/Domains/threads/entities/NewThread.js": {"path":"/Users/rizkyachmadsyah/MyProject/nodejs/dicoding/forum-api/src/Domains/threads/entities/NewThread.js","statementMap":{"0":{"start":{"line":3,"column":4},"end":{"line":3,"column":33}},"1":{"start":{"line":5,"column":4},"end":{"line":5,"column":31}},"2":{"start":{"line":6,"column":4},"end":{"line":6,"column":29}},"3":{"start":{"line":7,"column":4},"end":{"line":7,"column":31}},"4":{"start":{"line":11,"column":35},"end":{"line":11,"column":42}},"5":{"start":{"line":13,"column":4},"end":{"line":15,"column":5}},"6":{"start":{"line":14,"column":6},"end":{"line":14,"column":64}},"7":{"start":{"line":17,"column":4},"end":{"line":19,"column":5}},"8":{"start":{"line":18,"column":6},"end":{"line":18,"column":69}},"9":{"start":{"line":23,"column":0},"end":{"line":23,"column":27}}},"fnMap":{"0":{"name":"(anonymous_0)","decl":{"start":{"line":2,"column":2},"end":{"line":2,"column":3}},"loc":{"start":{"line":2,"column":23},"end":{"line":8,"column":3}},"line":2},"1":{"name":"(anonymous_1)","decl":{"start":{"line":10,"column":2},"end":{"line":10,"column":3}},"loc":{"start":{"line":10,"column":26},"end":{"line":20,"column":3}},"line":10}},"branchMap":{"0":{"loc":{"start":{"line":13,"column":4},"end":{"line":15,"column":5}},"type":"if","locations":[{"start":{"line":13,"column":4},"end":{"line":15,"column":5}},{"start":{},"end":{}}],"line":13},"1":{"loc":{"start":{"line":13,"column":8},"end":{"line":13,"column":33}},"type":"binary-expr","locations":[{"start":{"line":13,"column":8},"end":{"line":13,"column":14}},{"start":{"line":13,"column":18},"end":{"line":13,"column":23}},{"start":{"line":13,"column":27},"end":{"line":13,"column":33}}],"line":13},"2":{"loc":{"start":{"line":17,"column":4},"end":{"line":19,"column":5}},"type":"if","locations":[{"start":{"line":17,"column":4},"end":{"line":19,"column":5}},{"start":{},"end":{}}],"line":17},"3":{"loc":{"start":{"line":17,"column":8},"end":{"line":17,"column":90}},"type":"binary-expr","locations":[{"start":{"line":17,"column":8},"end":{"line":17,"column":33}},{"start":{"line":17,"column":37},"end":{"line":17,"column":61}},{"start":{"line":17,"column":65},"end":{"line":17,"column":90}}],"line":17}},"s":{"0":29,"1":25,"2":25,"3":25,"4":29,"5":29,"6":2,"7":27,"8":2,"9":9},"f":{"0":29,"1":29},"b":{"0":[2,27],"1":[29,29,27],"2":[2,25],"3":[27,27,25]},"_coverageSchema":"1a1c01bbd47fc00a2c39e90264f33305004495a9","hash":"7197bb793ddbba6e47b9700e1cde2f0e55623aac"}
,"/Users/rizkyachmadsyah/MyProject/nodejs/dicoding/forum-api/src/Domains/users/UserRepository.js": {"path":"/Users/rizkyachmadsyah/MyProject/nodejs/dicoding/forum-api/src/Domains/users/UserRepository.js","statementMap":{"0":{"start":{"line":3,"column":4},"end":{"line":3,"column":62}},"1":{"start":{"line":7,"column":4},"end":{"line":7,"column":62}},"2":{"start":{"line":11,"column":4},"end":{"line":11,"column":62}},"3":{"start":{"line":15,"column":4},"end":{"line":15,"column":62}},"4":{"start":{"line":19,"column":0},"end":{"line":19,"column":32}}},"fnMap":{"0":{"name":"(anonymous_0)","decl":{"start":{"line":2,"column":2},"end":{"line":2,"column":3}},"loc":{"start":{"line":2,"column":30},"end":{"line":4,"column":3}},"line":2},"1":{"name":"(anonymous_1)","decl":{"start":{"line":6,"column":2},"end":{"line":6,"column":3}},"loc":{"start":{"line":6,"column":42},"end":{"line":8,"column":3}},"line":6},"2":{"name":"(anonymous_2)","decl":{"start":{"line":10,"column":2},"end":{"line":10,"column":3}},"loc":{"start":{"line":10,"column":40},"end":{"line":12,"column":3}},"line":10},"3":{"name":"(anonymous_3)","decl":{"start":{"line":14,"column":2},"end":{"line":14,"column":3}},"loc":{"start":{"line":14,"column":34},"end":{"line":16,"column":3}},"line":14}},"branchMap":{},"s":{"0":1,"1":1,"2":1,"3":1,"4":9},"f":{"0":1,"1":1,"2":1,"3":1},"b":{},"_coverageSchema":"1a1c01bbd47fc00a2c39e90264f33305004495a9","hash":"f3c03151135778d80d430c6297f0f3f6989aa61a"}
,"/Users/rizkyachmadsyah/MyProject/nodejs/dicoding/forum-api/src/Domains/users/entities/RegisterUser.js": {"path":"/Users/rizkyachmadsyah/MyProject/nodejs/dicoding/forum-api/src/Domains/users/entities/RegisterUser.js","statementMap":{"0":{"start":{"line":3,"column":4},"end":{"line":3,"column":33}},"1":{"start":{"line":5,"column":43},"end":{"line":5,"column":50}},"2":{"start":{"line":7,"column":4},"end":{"line":7,"column":29}},"3":{"start":{"line":8,"column":4},"end":{"line":8,"column":29}},"4":{"start":{"line":9,"column":4},"end":{"line":9,"column":29}},"5":{"start":{"line":13,"column":4},"end":{"line":15,"column":5}},"6":{"start":{"line":14,"column":6},"end":{"line":14,"column":67}},"7":{"start":{"line":17,"column":4},"end":{"line":19,"column":5}},"8":{"start":{"line":18,"column":6},"end":{"line":18,"column":72}},"9":{"start":{"line":21,"column":4},"end":{"line":23,"column":5}},"10":{"start":{"line":22,"column":6},"end":{"line":22,"column":59}},"11":{"start":{"line":25,"column":4},"end":{"line":27,"column":5}},"12":{"start":{"line":26,"column":6},"end":{"line":26,"column":77}},"13":{"start":{"line":31,"column":0},"end":{"line":31,"column":30}}},"fnMap":{"0":{"name":"(anonymous_0)","decl":{"start":{"line":2,"column":2},"end":{"line":2,"column":3}},"loc":{"start":{"line":2,"column":23},"end":{"line":10,"column":3}},"line":2},"1":{"name":"(anonymous_1)","decl":{"start":{"line":12,"column":2},"end":{"line":12,"column":3}},"loc":{"start":{"line":12,"column":51},"end":{"line":28,"column":3}},"line":12}},"branchMap":{"0":{"loc":{"start":{"line":13,"column":4},"end":{"line":15,"column":5}},"type":"if","locations":[{"start":{"line":13,"column":4},"end":{"line":15,"column":5}},{"start":{},"end":{}}],"line":13},"1":{"loc":{"start":{"line":13,"column":8},"end":{"line":13,"column":43}},"type":"binary-expr","locations":[{"start":{"line":13,"column":8},"end":{"line":13,"column":17}},{"start":{"line":13,"column":21},"end":{"line":13,"column":30}},{"start":{"line":13,"column":34},"end":{"line":13,"column":43}}],"line":13},"2":{"loc":{"start":{"line":17,"column":4},"end":{"line":19,"column":5}},"type":"if","locations":[{"start":{"line":17,"column":4},"end":{"line":19,"column":5}},{"start":{},"end":{}}],"line":17},"3":{"loc":{"start":{"line":17,"column":8},"end":{"line":17,"column":100}},"type":"binary-expr","locations":[{"start":{"line":17,"column":8},"end":{"line":17,"column":36}},{"start":{"line":17,"column":40},"end":{"line":17,"column":68}},{"start":{"line":17,"column":72},"end":{"line":17,"column":100}}],"line":17},"4":{"loc":{"start":{"line":21,"column":4},"end":{"line":23,"column":5}},"type":"if","locations":[{"start":{"line":21,"column":4},"end":{"line":23,"column":5}},{"start":{},"end":{}}],"line":21},"5":{"loc":{"start":{"line":25,"column":4},"end":{"line":27,"column":5}},"type":"if","locations":[{"start":{"line":25,"column":4},"end":{"line":27,"column":5}},{"start":{},"end":{}}],"line":25}},"s":{"0":18,"1":10,"2":10,"3":10,"4":10,"5":18,"6":2,"7":16,"8":2,"9":14,"10":2,"11":12,"12":2,"13":9},"f":{"0":18,"1":18},"b":{"0":[2,16],"1":[18,17,17],"2":[2,14],"3":[16,15,14],"4":[2,12],"5":[2,10]},"_coverageSchema":"1a1c01bbd47fc00a2c39e90264f33305004495a9","hash":"4b1f443c710f75de41824dbd74a36a8bbc35486b"}
,"/Users/rizkyachmadsyah/MyProject/nodejs/dicoding/forum-api/src/Domains/users/entities/RegisteredUser.js": {"path":"/Users/rizkyachmadsyah/MyProject/nodejs/dicoding/forum-api/src/Domains/users/entities/RegisteredUser.js","statementMap":{"0":{"start":{"line":3,"column":4},"end":{"line":3,"column":33}},"1":{"start":{"line":5,"column":39},"end":{"line":5,"column":46}},"2":{"start":{"line":7,"column":4},"end":{"line":7,"column":17}},"3":{"start":{"line":8,"column":4},"end":{"line":8,"column":29}},"4":{"start":{"line":9,"column":4},"end":{"line":9,"column":29}},"5":{"start":{"line":13,"column":4},"end":{"line":15,"column":5}},"6":{"start":{"line":14,"column":6},"end":{"line":14,"column":69}},"7":{"start":{"line":17,"column":4},"end":{"line":19,"column":5}},"8":{"start":{"line":18,"column":6},"end":{"line":18,"column":74}},"9":{"start":{"line":23,"column":0},"end":{"line":23,"column":32}}},"fnMap":{"0":{"name":"(anonymous_0)","decl":{"start":{"line":2,"column":2},"end":{"line":2,"column":3}},"loc":{"start":{"line":2,"column":23},"end":{"line":10,"column":3}},"line":2},"1":{"name":"(anonymous_1)","decl":{"start":{"line":12,"column":2},"end":{"line":12,"column":3}},"loc":{"start":{"line":12,"column":45},"end":{"line":20,"column":3}},"line":12}},"branchMap":{"0":{"loc":{"start":{"line":13,"column":4},"end":{"line":15,"column":5}},"type":"if","locations":[{"start":{"line":13,"column":4},"end":{"line":15,"column":5}},{"start":{},"end":{}}],"line":13},"1":{"loc":{"start":{"line":13,"column":8},"end":{"line":13,"column":37}},"type":"binary-expr","locations":[{"start":{"line":13,"column":8},"end":{"line":13,"column":11}},{"start":{"line":13,"column":15},"end":{"line":13,"column":24}},{"start":{"line":13,"column":28},"end":{"line":13,"column":37}}],"line":13},"2":{"loc":{"start":{"line":17,"column":4},"end":{"line":19,"column":5}},"type":"if","locations":[{"start":{"line":17,"column":4},"end":{"line":19,"column":5}},{"start":{},"end":{}}],"line":17},"3":{"loc":{"start":{"line":17,"column":8},"end":{"line":17,"column":94}},"type":"binary-expr","locations":[{"start":{"line":17,"column":8},"end":{"line":17,"column":30}},{"start":{"line":17,"column":34},"end":{"line":17,"column":62}},{"start":{"line":17,"column":66},"end":{"line":17,"column":94}}],"line":17}},"s":{"0":11,"1":9,"2":9,"3":9,"4":9,"5":11,"6":1,"7":10,"8":1,"9":8},"f":{"0":11,"1":11},"b":{"0":[1,10],"1":[11,10,10],"2":[1,9],"3":[10,9,9]},"_coverageSchema":"1a1c01bbd47fc00a2c39e90264f33305004495a9","hash":"b0afec91bbef9e95298fe3d0ab7487b5d7bf796b"}
,"/Users/rizkyachmadsyah/MyProject/nodejs/dicoding/forum-api/src/Domains/users/entities/UserLogin.js": {"path":"/Users/rizkyachmadsyah/MyProject/nodejs/dicoding/forum-api/src/Domains/users/entities/UserLogin.js","statementMap":{"0":{"start":{"line":3,"column":4},"end":{"line":3,"column":33}},"1":{"start":{"line":5,"column":4},"end":{"line":5,"column":37}},"2":{"start":{"line":6,"column":4},"end":{"line":6,"column":37}},"3":{"start":{"line":10,"column":35},"end":{"line":10,"column":42}},"4":{"start":{"line":12,"column":4},"end":{"line":14,"column":5}},"5":{"start":{"line":13,"column":6},"end":{"line":13,"column":64}},"6":{"start":{"line":16,"column":4},"end":{"line":18,"column":5}},"7":{"start":{"line":17,"column":6},"end":{"line":17,"column":69}},"8":{"start":{"line":22,"column":0},"end":{"line":22,"column":27}}},"fnMap":{"0":{"name":"(anonymous_0)","decl":{"start":{"line":2,"column":2},"end":{"line":2,"column":3}},"loc":{"start":{"line":2,"column":23},"end":{"line":7,"column":3}},"line":2},"1":{"name":"(anonymous_1)","decl":{"start":{"line":9,"column":2},"end":{"line":9,"column":3}},"loc":{"start":{"line":9,"column":26},"end":{"line":19,"column":3}},"line":9}},"branchMap":{"0":{"loc":{"start":{"line":12,"column":4},"end":{"line":14,"column":5}},"type":"if","locations":[{"start":{"line":12,"column":4},"end":{"line":14,"column":5}},{"start":{},"end":{}}],"line":12},"1":{"loc":{"start":{"line":12,"column":8},"end":{"line":12,"column":30}},"type":"binary-expr","locations":[{"start":{"line":12,"column":8},"end":{"line":12,"column":17}},{"start":{"line":12,"column":21},"end":{"line":12,"column":30}}],"line":12},"2":{"loc":{"start":{"line":16,"column":4},"end":{"line":18,"column":5}},"type":"if","locations":[{"start":{"line":16,"column":4},"end":{"line":18,"column":5}},{"start":{},"end":{}}],"line":16},"3":{"loc":{"start":{"line":16,"column":8},"end":{"line":16,"column":68}},"type":"binary-expr","locations":[{"start":{"line":16,"column":8},"end":{"line":16,"column":36}},{"start":{"line":16,"column":40},"end":{"line":16,"column":68}}],"line":16}},"s":{"0":10,"1":6,"2":6,"3":10,"4":10,"5":2,"6":8,"7":2,"8":8},"f":{"0":10,"1":10},"b":{"0":[2,8],"1":[10,10],"2":[2,6],"3":[8,7]},"_coverageSchema":"1a1c01bbd47fc00a2c39e90264f33305004495a9","hash":"47a2d75fd79d4b19c20ff91fe3ec5c555ffafa70"}
,"/Users/rizkyachmadsyah/MyProject/nodejs/dicoding/forum-api/src/Infrastructures/http/createServer.js": {"path":"/Users/rizkyachmadsyah/MyProject/nodejs/dicoding/forum-api/src/Infrastructures/http/createServer.js","statementMap":{"0":{"start":{"line":1,"column":13},"end":{"line":1,"column":34}},"1":{"start":{"line":2,"column":12},"end":{"line":2,"column":32}},"2":{"start":{"line":3,"column":14},"end":{"line":3,"column":56}},"3":{"start":{"line":4,"column":24},"end":{"line":4,"column":76}},"4":{"start":{"line":5,"column":16},"end":{"line":5,"column":60}},"5":{"start":{"line":6,"column":23},"end":{"line":6,"column":74}},"6":{"start":{"line":7,"column":29},"end":{"line":7,"column":86}},"7":{"start":{"line":8,"column":20},"end":{"line":8,"column":67}},"8":{"start":{"line":9,"column":30},"end":{"line":9,"column":87}},"9":{"start":{"line":11,"column":21},"end":{"line":95,"column":1}},"10":{"start":{"line":12,"column":17},"end":{"line":15,"column":4}},"11":{"start":{"line":17,"column":2},"end":{"line":21,"column":5}},"12":{"start":{"line":24,"column":2},"end":{"line":38,"column":5}},"13":{"start":{"line":32,"column":30},"end":{"line":37,"column":5}},"14":{"start":{"line":40,"column":2},"end":{"line":61,"column":5}},"15":{"start":{"line":64,"column":2},"end":{"line":92,"column":5}},"16":{"start":{"line":65,"column":23},"end":{"line":65,"column":30}},"17":{"start":{"line":67,"column":4},"end":{"line":89,"column":5}},"18":{"start":{"line":68,"column":30},"end":{"line":68,"column":71}},"19":{"start":{"line":70,"column":6},"end":{"line":77,"column":7}},"20":{"start":{"line":71,"column":28},"end":{"line":74,"column":10}},"21":{"start":{"line":75,"column":8},"end":{"line":75,"column":53}},"22":{"start":{"line":76,"column":8},"end":{"line":76,"column":27}},"23":{"start":{"line":79,"column":6},"end":{"line":81,"column":7}},"24":{"start":{"line":80,"column":8},"end":{"line":80,"column":26}},"25":{"start":{"line":83,"column":26},"end":{"line":86,"column":8}},"26":{"start":{"line":87,"column":6},"end":{"line":87,"column":28}},"27":{"start":{"line":88,"column":6},"end":{"line":88,"column":25}},"28":{"start":{"line":91,"column":4},"end":{"line":91,"column":22}},"29":{"start":{"line":94,"column":2},"end":{"line":94,"column":16}},"30":{"start":{"line":97,"column":0},"end":{"line":97,"column":30}}},"fnMap":{"0":{"name":"(anonymous_0)","decl":{"start":{"line":11,"column":21},"end":{"line":11,"column":22}},"loc":{"start":{"line":11,"column":42},"end":{"line":95,"column":1}},"line":11},"1":{"name":"(anonymous_1)","decl":{"start":{"line":32,"column":14},"end":{"line":32,"column":15}},"loc":{"start":{"line":32,"column":30},"end":{"line":37,"column":5}},"line":32},"2":{"name":"(anonymous_2)","decl":{"start":{"line":64,"column":30},"end":{"line":64,"column":31}},"loc":{"start":{"line":64,"column":46},"end":{"line":92,"column":3}},"line":64}},"branchMap":{"0":{"loc":{"start":{"line":67,"column":4},"end":{"line":89,"column":5}},"type":"if","locations":[{"start":{"line":67,"column":4},"end":{"line":89,"column":5}},{"start":{},"end":{}}],"line":67},"1":{"loc":{"start":{"line":70,"column":6},"end":{"line":77,"column":7}},"type":"if","locations":[{"start":{"line":70,"column":6},"end":{"line":77,"column":7}},{"start":{},"end":{}}],"line":70},"2":{"loc":{"start":{"line":79,"column":6},"end":{"line":81,"column":7}},"type":"if","locations":[{"start":{"line":79,"column":6},"end":{"line":81,"column":7}},{"start":{},"end":{}}],"line":79}},"s":{"0":6,"1":6,"2":6,"3":6,"4":6,"5":6,"6":6,"7":6,"8":6,"9":6,"10":45,"11":45,"12":45,"13":55,"14":45,"15":45,"16":86,"17":86,"18":32,"19":32,"20":30,"21":30,"22":30,"23":2,"24":1,"25":1,"26":1,"27":1,"28":54,"29":45,"30":6},"f":{"0":45,"1":55,"2":86},"b":{"0":[32,54],"1":[30,2],"2":[1,1]},"_coverageSchema":"1a1c01bbd47fc00a2c39e90264f33305004495a9","hash":"fdeb9a414323843a50082e4d899a1d12c73f86b5"}
,"/Users/rizkyachmadsyah/MyProject/nodejs/dicoding/forum-api/src/Infrastructures/repository/AuthenticationRepositoryPostgres.js": {"path":"/Users/rizkyachmadsyah/MyProject/nodejs/dicoding/forum-api/src/Infrastructures/repository/AuthenticationRepositoryPostgres.js","statementMap":{"0":{"start":{"line":1,"column":23},"end":{"line":1,"column":73}},"1":{"start":{"line":2,"column":33},"end":{"line":2,"column":98}},"2":{"start":{"line":6,"column":4},"end":{"line":6,"column":12}},"3":{"start":{"line":7,"column":4},"end":{"line":7,"column":22}},"4":{"start":{"line":11,"column":18},"end":{"line":14,"column":5}},"5":{"start":{"line":16,"column":4},"end":{"line":16,"column":34}},"6":{"start":{"line":20,"column":18},"end":{"line":23,"column":5}},"7":{"start":{"line":25,"column":19},"end":{"line":25,"column":48}},"8":{"start":{"line":27,"column":4},"end":{"line":29,"column":5}},"9":{"start":{"line":28,"column":6},"end":{"line":28,"column":76}},"10":{"start":{"line":33,"column":18},"end":{"line":36,"column":5}},"11":{"start":{"line":38,"column":4},"end":{"line":38,"column":34}},"12":{"start":{"line":42,"column":0},"end":{"line":42,"column":50}}},"fnMap":{"0":{"name":"(anonymous_0)","decl":{"start":{"line":5,"column":2},"end":{"line":5,"column":3}},"loc":{"start":{"line":5,"column":20},"end":{"line":8,"column":3}},"line":5},"1":{"name":"(anonymous_1)","decl":{"start":{"line":10,"column":2},"end":{"line":10,"column":3}},"loc":{"start":{"line":10,"column":24},"end":{"line":17,"column":3}},"line":10},"2":{"name":"(anonymous_2)","decl":{"start":{"line":19,"column":2},"end":{"line":19,"column":3}},"loc":{"start":{"line":19,"column":38},"end":{"line":30,"column":3}},"line":19},"3":{"name":"(anonymous_3)","decl":{"start":{"line":32,"column":2},"end":{"line":32,"column":3}},"loc":{"start":{"line":32,"column":27},"end":{"line":39,"column":3}},"line":32}},"branchMap":{"0":{"loc":{"start":{"line":27,"column":4},"end":{"line":29,"column":5}},"type":"if","locations":[{"start":{"line":27,"column":4},"end":{"line":29,"column":5}},{"start":{},"end":{}}],"line":27}},"s":{"0":6,"1":6,"2":4,"3":4,"4":3,"5":3,"6":5,"7":5,"8":5,"9":2,"10":2,"11":2,"12":6},"f":{"0":4,"1":3,"2":5,"3":2},"b":{"0":[2,3]},"_coverageSchema":"1a1c01bbd47fc00a2c39e90264f33305004495a9","hash":"3a1e5e0b7350536fdde505d00afa69078bd9b7cc"}
,"/Users/rizkyachmadsyah/MyProject/nodejs/dicoding/forum-api/src/Infrastructures/repository/ThreadCommentReplyRepositoryPostgres.js": {"path":"/Users/rizkyachmadsyah/MyProject/nodejs/dicoding/forum-api/src/Infrastructures/repository/ThreadCommentReplyRepositoryPostgres.js","statementMap":{"0":{"start":{"line":1,"column":37},"end":{"line":1,"column":111}},"1":{"start":{"line":5,"column":4},"end":{"line":5,"column":12}},"2":{"start":{"line":6,"column":4},"end":{"line":6,"column":22}},"3":{"start":{"line":7,"column":4},"end":{"line":7,"column":36}},"4":{"start":{"line":11,"column":42},"end":{"line":11,"column":50}},"5":{"start":{"line":12,"column":15},"end":{"line":12,"column":45}},"6":{"start":{"line":13,"column":17},"end":{"line":13,"column":41}},"7":{"start":{"line":15,"column":18},"end":{"line":18,"column":5}},"8":{"start":{"line":20,"column":19},"end":{"line":20,"column":48}},"9":{"start":{"line":22,"column":4},"end":{"line":22,"column":26}},"10":{"start":{"line":26,"column":18},"end":{"line":30,"column":5}},"11":{"start":{"line":32,"column":19},"end":{"line":32,"column":48}},"12":{"start":{"line":34,"column":4},"end":{"line":34,"column":26}},"13":{"start":{"line":38,"column":18},"end":{"line":43,"column":5}},"14":{"start":{"line":45,"column":4},"end":{"line":45,"column":34}},"15":{"start":{"line":49,"column":18},"end":{"line":55,"column":5}},"16":{"start":{"line":57,"column":19},"end":{"line":57,"column":48}},"17":{"start":{"line":59,"column":4},"end":{"line":59,"column":23}},"18":{"start":{"line":63,"column":0},"end":{"line":63,"column":54}}},"fnMap":{"0":{"name":"(anonymous_0)","decl":{"start":{"line":4,"column":2},"end":{"line":4,"column":3}},"loc":{"start":{"line":4,"column":33},"end":{"line":8,"column":3}},"line":4},"1":{"name":"(anonymous_1)","decl":{"start":{"line":10,"column":2},"end":{"line":10,"column":3}},"loc":{"start":{"line":10,"column":27},"end":{"line":23,"column":3}},"line":10},"2":{"name":"(anonymous_2)","decl":{"start":{"line":25,"column":2},"end":{"line":25,"column":3}},"loc":{"start":{"line":25,"column":30},"end":{"line":35,"column":3}},"line":25},"3":{"name":"(anonymous_3)","decl":{"start":{"line":37,"column":2},"end":{"line":37,"column":3}},"loc":{"start":{"line":37,"column":29},"end":{"line":46,"column":3}},"line":37},"4":{"name":"(anonymous_4)","decl":{"start":{"line":48,"column":2},"end":{"line":48,"column":3}},"loc":{"start":{"line":48,"column":41},"end":{"line":60,"column":3}},"line":48}},"branchMap":{},"s":{"0":6,"1":6,"2":6,"3":6,"4":9,"5":9,"6":9,"7":9,"8":9,"9":9,"10":6,"11":6,"12":6,"13":3,"14":3,"15":4,"16":4,"17":4,"18":6},"f":{"0":6,"1":9,"2":6,"3":3,"4":4},"b":{},"_coverageSchema":"1a1c01bbd47fc00a2c39e90264f33305004495a9","hash":"02ba36fcacf10419a736ac49bec2b8bf325f0b96"}
,"/Users/rizkyachmadsyah/MyProject/nodejs/dicoding/forum-api/src/Infrastructures/repository/ThreadCommentRepositoryPostgres.js": {"path":"/Users/rizkyachmadsyah/MyProject/nodejs/dicoding/forum-api/src/Infrastructures/repository/ThreadCommentRepositoryPostgres.js","statementMap":{"0":{"start":{"line":1,"column":32},"end":{"line":1,"column":95}},"1":{"start":{"line":5,"column":4},"end":{"line":5,"column":12}},"2":{"start":{"line":6,"column":4},"end":{"line":6,"column":22}},"3":{"start":{"line":7,"column":4},"end":{"line":7,"column":36}},"4":{"start":{"line":11,"column":41},"end":{"line":11,"column":51}},"5":{"start":{"line":12,"column":15},"end":{"line":12,"column":47}},"6":{"start":{"line":13,"column":17},"end":{"line":13,"column":41}},"7":{"start":{"line":15,"column":18},"end":{"line":18,"column":5}},"8":{"start":{"line":20,"column":19},"end":{"line":20,"column":48}},"9":{"start":{"line":22,"column":4},"end":{"line":22,"column":26}},"10":{"start":{"line":26,"column":18},"end":{"line":30,"column":5}},"11":{"start":{"line":32,"column":19},"end":{"line":32,"column":48}},"12":{"start":{"line":34,"column":4},"end":{"line":34,"column":26}},"13":{"start":{"line":38,"column":18},"end":{"line":43,"column":5}},"14":{"start":{"line":45,"column":4},"end":{"line":45,"column":34}},"15":{"start":{"line":49,"column":18},"end":{"line":55,"column":5}},"16":{"start":{"line":57,"column":19},"end":{"line":57,"column":48}},"17":{"start":{"line":59,"column":4},"end":{"line":59,"column":23}},"18":{"start":{"line":63,"column":18},"end":{"line":66,"column":5}},"19":{"start":{"line":68,"column":19},"end":{"line":68,"column":48}},"20":{"start":{"line":70,"column":4},"end":{"line":70,"column":32}},"21":{"start":{"line":74,"column":0},"end":{"line":74,"column":49}}},"fnMap":{"0":{"name":"(anonymous_0)","decl":{"start":{"line":4,"column":2},"end":{"line":4,"column":3}},"loc":{"start":{"line":4,"column":33},"end":{"line":8,"column":3}},"line":4},"1":{"name":"(anonymous_1)","decl":{"start":{"line":10,"column":2},"end":{"line":10,"column":3}},"loc":{"start":{"line":10,"column":31},"end":{"line":23,"column":3}},"line":10},"2":{"name":"(anonymous_2)","decl":{"start":{"line":25,"column":2},"end":{"line":25,"column":3}},"loc":{"start":{"line":25,"column":34},"end":{"line":35,"column":3}},"line":25},"3":{"name":"(anonymous_3)","decl":{"start":{"line":37,"column":2},"end":{"line":37,"column":3}},"loc":{"start":{"line":37,"column":33},"end":{"line":46,"column":3}},"line":37},"4":{"name":"(anonymous_4)","decl":{"start":{"line":48,"column":2},"end":{"line":48,"column":3}},"loc":{"start":{"line":48,"column":40},"end":{"line":60,"column":3}},"line":48},"5":{"name":"(anonymous_5)","decl":{"start":{"line":62,"column":2},"end":{"line":62,"column":3}},"loc":{"start":{"line":62,"column":39},"end":{"line":71,"column":3}},"line":62}},"branchMap":{},"s":{"0":6,"1":8,"2":8,"3":8,"4":19,"5":19,"6":19,"7":19,"8":19,"9":19,"10":6,"11":6,"12":6,"13":3,"14":3,"15":5,"16":5,"17":5,"18":7,"19":7,"20":7,"21":6},"f":{"0":8,"1":19,"2":6,"3":3,"4":5,"5":7},"b":{},"_coverageSchema":"1a1c01bbd47fc00a2c39e90264f33305004495a9","hash":"026e5c3f83e5e79364ac3851b8d3247091eaea00"}
,"/Users/rizkyachmadsyah/MyProject/nodejs/dicoding/forum-api/src/Infrastructures/repository/ThreadRepositoryPostgres.js": {"path":"/Users/rizkyachmadsyah/MyProject/nodejs/dicoding/forum-api/src/Infrastructures/repository/ThreadRepositoryPostgres.js","statementMap":{"0":{"start":{"line":1,"column":25},"end":{"line":1,"column":74}},"1":{"start":{"line":5,"column":4},"end":{"line":5,"column":12}},"2":{"start":{"line":6,"column":4},"end":{"line":6,"column":22}},"3":{"start":{"line":7,"column":4},"end":{"line":7,"column":36}},"4":{"start":{"line":11,"column":35},"end":{"line":11,"column":44}},"5":{"start":{"line":12,"column":15},"end":{"line":12,"column":46}},"6":{"start":{"line":13,"column":17},"end":{"line":13,"column":41}},"7":{"start":{"line":15,"column":18},"end":{"line":18,"column":5}},"8":{"start":{"line":20,"column":19},"end":{"line":20,"column":48}},"9":{"start":{"line":22,"column":4},"end":{"line":22,"column":26}},"10":{"start":{"line":26,"column":18},"end":{"line":31,"column":5}},"11":{"start":{"line":33,"column":19},"end":{"line":33,"column":48}},"12":{"start":{"line":35,"column":4},"end":{"line":35,"column":26}},"13":{"start":{"line":39,"column":18},"end":{"line":42,"column":5}},"14":{"start":{"line":44,"column":19},"end":{"line":44,"column":48}},"15":{"start":{"line":46,"column":4},"end":{"line":46,"column":32}},"16":{"start":{"line":50,"column":0},"end":{"line":50,"column":42}}},"fnMap":{"0":{"name":"(anonymous_0)","decl":{"start":{"line":4,"column":2},"end":{"line":4,"column":3}},"loc":{"start":{"line":4,"column":33},"end":{"line":8,"column":3}},"line":4},"1":{"name":"(anonymous_1)","decl":{"start":{"line":10,"column":2},"end":{"line":10,"column":3}},"loc":{"start":{"line":10,"column":29},"end":{"line":23,"column":3}},"line":10},"2":{"name":"(anonymous_2)","decl":{"start":{"line":25,"column":2},"end":{"line":25,"column":3}},"loc":{"start":{"line":25,"column":32},"end":{"line":36,"column":3}},"line":25},"3":{"name":"(anonymous_3)","decl":{"start":{"line":38,"column":2},"end":{"line":38,"column":3}},"loc":{"start":{"line":38,"column":37},"end":{"line":47,"column":3}},"line":38}},"branchMap":{},"s":{"0":6,"1":6,"2":6,"3":6,"4":22,"5":22,"6":22,"7":22,"8":22,"9":22,"10":6,"11":6,"12":6,"13":23,"14":23,"15":23,"16":6},"f":{"0":6,"1":22,"2":6,"3":23},"b":{},"_coverageSchema":"1a1c01bbd47fc00a2c39e90264f33305004495a9","hash":"7b0bcfa52899504a60d9bcecea90f67fc282cc27"}
,"/Users/rizkyachmadsyah/MyProject/nodejs/dicoding/forum-api/src/Infrastructures/repository/UserRepositoryPostgres.js": {"path":"/Users/rizkyachmadsyah/MyProject/nodejs/dicoding/forum-api/src/Infrastructures/repository/UserRepositoryPostgres.js","statementMap":{"0":{"start":{"line":1,"column":23},"end":{"line":1,"column":77}},"1":{"start":{"line":2,"column":23},"end":{"line":2,"column":68}},"2":{"start":{"line":3,"column":23},"end":{"line":3,"column":73}},"3":{"start":{"line":7,"column":4},"end":{"line":7,"column":12}},"4":{"start":{"line":8,"column":4},"end":{"line":8,"column":22}},"5":{"start":{"line":9,"column":4},"end":{"line":9,"column":36}},"6":{"start":{"line":13,"column":18},"end":{"line":16,"column":5}},"7":{"start":{"line":18,"column":19},"end":{"line":18,"column":48}},"8":{"start":{"line":20,"column":4},"end":{"line":22,"column":5}},"9":{"start":{"line":21,"column":6},"end":{"line":21,"column":58}},"10":{"start":{"line":26,"column":45},"end":{"line":26,"column":57}},"11":{"start":{"line":27,"column":15},"end":{"line":27,"column":44}},"12":{"start":{"line":29,"column":18},"end":{"line":32,"column":5}},"13":{"start":{"line":34,"column":19},"end":{"line":34,"column":48}},"14":{"start":{"line":36,"column":4},"end":{"line":36,"column":53}},"15":{"start":{"line":40,"column":18},"end":{"line":43,"column":5}},"16":{"start":{"line":45,"column":19},"end":{"line":45,"column":48}},"17":{"start":{"line":47,"column":4},"end":{"line":49,"column":5}},"18":{"start":{"line":48,"column":6},"end":{"line":48,"column":59}},"19":{"start":{"line":51,"column":4},"end":{"line":51,"column":35}},"20":{"start":{"line":55,"column":18},"end":{"line":58,"column":5}},"21":{"start":{"line":60,"column":19},"end":{"line":60,"column":48}},"22":{"start":{"line":62,"column":4},"end":{"line":64,"column":5}},"23":{"start":{"line":63,"column":6},"end":{"line":63,"column":55}},"24":{"start":{"line":66,"column":19},"end":{"line":66,"column":33}},"25":{"start":{"line":68,"column":4},"end":{"line":68,"column":14}},"26":{"start":{"line":72,"column":0},"end":{"line":72,"column":40}}},"fnMap":{"0":{"name":"(anonymous_0)","decl":{"start":{"line":6,"column":2},"end":{"line":6,"column":3}},"loc":{"start":{"line":6,"column":33},"end":{"line":10,"column":3}},"line":6},"1":{"name":"(anonymous_1)","decl":{"start":{"line":12,"column":2},"end":{"line":12,"column":3}},"loc":{"start":{"line":12,"column":42},"end":{"line":23,"column":3}},"line":12},"2":{"name":"(anonymous_2)","decl":{"start":{"line":25,"column":2},"end":{"line":25,"column":3}},"loc":{"start":{"line":25,"column":30},"end":{"line":37,"column":3}},"line":25},"3":{"name":"(anonymous_3)","decl":{"start":{"line":39,"column":2},"end":{"line":39,"column":3}},"loc":{"start":{"line":39,"column":40},"end":{"line":52,"column":3}},"line":39},"4":{"name":"(anonymous_4)","decl":{"start":{"line":54,"column":2},"end":{"line":54,"column":3}},"loc":{"start":{"line":54,"column":34},"end":{"line":69,"column":3}},"line":54}},"branchMap":{"0":{"loc":{"start":{"line":20,"column":4},"end":{"line":22,"column":5}},"type":"if","locations":[{"start":{"line":20,"column":4},"end":{"line":22,"column":5}},{"start":{},"end":{}}],"line":20},"1":{"loc":{"start":{"line":47,"column":4},"end":{"line":49,"column":5}},"type":"if","locations":[{"start":{"line":47,"column":4},"end":{"line":49,"column":5}},{"start":{},"end":{}}],"line":47},"2":{"loc":{"start":{"line":62,"column":4},"end":{"line":64,"column":5}},"type":"if","locations":[{"start":{"line":62,"column":4},"end":{"line":64,"column":5}},{"start":{},"end":{}}],"line":62}},"s":{"0":6,"1":6,"2":6,"3":10,"4":10,"5":10,"6":7,"7":7,"8":7,"9":2,"10":6,"11":6,"12":6,"13":6,"14":6,"15":6,"16":6,"17":6,"18":2,"19":4,"20":4,"21":4,"22":4,"23":1,"24":3,"25":3,"26":6},"f":{"0":10,"1":7,"2":6,"3":6,"4":4},"b":{"0":[2,5],"1":[2,4],"2":[1,3]},"_coverageSchema":"1a1c01bbd47fc00a2c39e90264f33305004495a9","hash":"ff241643940154a072d38a7a7e47ef25c09da316"}
,"/Users/rizkyachmadsyah/MyProject/nodejs/dicoding/forum-api/src/Infrastructures/security/BcryptPasswordHash.js": {"path":"/Users/rizkyachmadsyah/MyProject/nodejs/dicoding/forum-api/src/Infrastructures/security/BcryptPasswordHash.js","statementMap":{"0":{"start":{"line":1,"column":21},"end":{"line":1,"column":72}},"1":{"start":{"line":2,"column":28},"end":{"line":2,"column":83}},"2":{"start":{"line":6,"column":4},"end":{"line":6,"column":12}},"3":{"start":{"line":7,"column":4},"end":{"line":7,"column":26}},"4":{"start":{"line":8,"column":4},"end":{"line":8,"column":32}},"5":{"start":{"line":12,"column":4},"end":{"line":12,"column":56}},"6":{"start":{"line":16,"column":19},"end":{"line":16,"column":71}},"7":{"start":{"line":18,"column":4},"end":{"line":20,"column":5}},"8":{"start":{"line":19,"column":6},"end":{"line":19,"column":75}},"9":{"start":{"line":24,"column":0},"end":{"line":24,"column":36}}},"fnMap":{"0":{"name":"(anonymous_0)","decl":{"start":{"line":5,"column":2},"end":{"line":5,"column":3}},"loc":{"start":{"line":5,"column":38},"end":{"line":9,"column":3}},"line":5},"1":{"name":"(anonymous_1)","decl":{"start":{"line":11,"column":2},"end":{"line":11,"column":3}},"loc":{"start":{"line":11,"column":23},"end":{"line":13,"column":3}},"line":11},"2":{"name":"(anonymous_2)","decl":{"start":{"line":15,"column":2},"end":{"line":15,"column":3}},"loc":{"start":{"line":15,"column":50},"end":{"line":21,"column":3}},"line":15}},"branchMap":{"0":{"loc":{"start":{"line":5,"column":22},"end":{"line":5,"column":36}},"type":"default-arg","locations":[{"start":{"line":5,"column":34},"end":{"line":5,"column":36}}],"line":5},"1":{"loc":{"start":{"line":18,"column":4},"end":{"line":20,"column":5}},"type":"if","locations":[{"start":{"line":18,"column":4},"end":{"line":20,"column":5}},{"start":{},"end":{}}],"line":18}},"s":{"0":6,"1":6,"2":5,"3":5,"4":5,"5":6,"6":5,"7":5,"8":2,"9":6},"f":{"0":5,"1":6,"2":5},"b":{"0":[5],"1":[2,3]},"_coverageSchema":"1a1c01bbd47fc00a2c39e90264f33305004495a9","hash":"cf5a226be2659d35d7729ba9266675fb0c15e3a5"}
,"/Users/rizkyachmadsyah/MyProject/nodejs/dicoding/forum-api/src/Infrastructures/security/JwtTokenManager.js": {"path":"/Users/rizkyachmadsyah/MyProject/nodejs/dicoding/forum-api/src/Infrastructures/security/JwtTokenManager.js","statementMap":{"0":{"start":{"line":1,"column":35},"end":{"line":1,"column":100}},"1":{"start":{"line":2,"column":23},"end":{"line":2,"column":73}},"2":{"start":{"line":6,"column":4},"end":{"line":6,"column":12}},"3":{"start":{"line":7,"column":4},"end":{"line":7,"column":20}},"4":{"start":{"line":11,"column":4},"end":{"line":11,"column":69}},"5":{"start":{"line":15,"column":4},"end":{"line":15,"column":70}},"6":{"start":{"line":19,"column":4},"end":{"line":24,"column":5}},"7":{"start":{"line":20,"column":24},"end":{"line":20,"column":47}},"8":{"start":{"line":21,"column":6},"end":{"line":21,"column":65}},"9":{"start":{"line":23,"column":6},"end":{"line":23,"column":60}},"10":{"start":{"line":28,"column":22},"end":{"line":28,"column":45}},"11":{"start":{"line":29,"column":4},"end":{"line":29,"column":37}},"12":{"start":{"line":33,"column":0},"end":{"line":33,"column":33}}},"fnMap":{"0":{"name":"(anonymous_0)","decl":{"start":{"line":5,"column":2},"end":{"line":5,"column":3}},"loc":{"start":{"line":5,"column":19},"end":{"line":8,"column":3}},"line":5},"1":{"name":"(anonymous_1)","decl":{"start":{"line":10,"column":2},"end":{"line":10,"column":3}},"loc":{"start":{"line":10,"column":35},"end":{"line":12,"column":3}},"line":10},"2":{"name":"(anonymous_2)","decl":{"start":{"line":14,"column":2},"end":{"line":14,"column":3}},"loc":{"start":{"line":14,"column":36},"end":{"line":16,"column":3}},"line":14},"3":{"name":"(anonymous_3)","decl":{"start":{"line":18,"column":2},"end":{"line":18,"column":3}},"loc":{"start":{"line":18,"column":34},"end":{"line":25,"column":3}},"line":18},"4":{"name":"(anonymous_4)","decl":{"start":{"line":27,"column":2},"end":{"line":27,"column":3}},"loc":{"start":{"line":27,"column":29},"end":{"line":30,"column":3}},"line":27}},"branchMap":{},"s":{"0":6,"1":6,"2":9,"3":9,"4":30,"5":5,"6":5,"7":5,"8":4,"9":2,"10":2,"11":2,"12":6},"f":{"0":9,"1":30,"2":5,"3":5,"4":2},"b":{},"_coverageSchema":"1a1c01bbd47fc00a2c39e90264f33305004495a9","hash":"d0c4e1ad34d4f763a94dbe78364ac44dc3e29005"}
,"/Users/rizkyachmadsyah/MyProject/nodejs/dicoding/forum-api/src/Interfaces/http/api/authentications/handler.js": {"path":"/Users/rizkyachmadsyah/MyProject/nodejs/dicoding/forum-api/src/Interfaces/http/api/authentications/handler.js","statementMap":{"0":{"start":{"line":1,"column":25},"end":{"line":1,"column":102}},"1":{"start":{"line":2,"column":37},"end":{"line":2,"column":126}},"2":{"start":{"line":3,"column":26},"end":{"line":3,"column":104}},"3":{"start":{"line":7,"column":4},"end":{"line":7,"column":32}},"4":{"start":{"line":9,"column":4},"end":{"line":9,"column":79}},"5":{"start":{"line":10,"column":4},"end":{"line":10,"column":77}},"6":{"start":{"line":11,"column":4},"end":{"line":11,"column":83}},"7":{"start":{"line":15,"column":29},"end":{"line":15,"column":79}},"8":{"start":{"line":16,"column":42},"end":{"line":16,"column":89}},"9":{"start":{"line":17,"column":21},"end":{"line":23,"column":6}},"10":{"start":{"line":24,"column":4},"end":{"line":24,"column":23}},"11":{"start":{"line":25,"column":4},"end":{"line":25,"column":20}},"12":{"start":{"line":29,"column":41},"end":{"line":30,"column":53}},"13":{"start":{"line":31,"column":24},"end":{"line":31,"column":83}},"14":{"start":{"line":33,"column":4},"end":{"line":38,"column":6}},"15":{"start":{"line":42,"column":30},"end":{"line":42,"column":81}},"16":{"start":{"line":43,"column":4},"end":{"line":43,"column":53}},"17":{"start":{"line":44,"column":4},"end":{"line":46,"column":6}},"18":{"start":{"line":50,"column":0},"end":{"line":50,"column":40}}},"fnMap":{"0":{"name":"(anonymous_0)","decl":{"start":{"line":6,"column":2},"end":{"line":6,"column":3}},"loc":{"start":{"line":6,"column":25},"end":{"line":12,"column":3}},"line":6},"1":{"name":"(anonymous_1)","decl":{"start":{"line":14,"column":2},"end":{"line":14,"column":3}},"loc":{"start":{"line":14,"column":46},"end":{"line":26,"column":3}},"line":14},"2":{"name":"(anonymous_2)","decl":{"start":{"line":28,"column":2},"end":{"line":28,"column":3}},"loc":{"start":{"line":28,"column":42},"end":{"line":39,"column":3}},"line":28},"3":{"name":"(anonymous_3)","decl":{"start":{"line":41,"column":2},"end":{"line":41,"column":3}},"loc":{"start":{"line":41,"column":45},"end":{"line":47,"column":3}},"line":41}},"branchMap":{},"s":{"0":6,"1":6,"2":6,"3":45,"4":45,"5":45,"6":45,"7":6,"8":6,"9":2,"10":2,"11":2,"12":5,"13":5,"14":1,"15":4,"16":4,"17":1,"18":6},"f":{"0":45,"1":6,"2":5,"3":4},"b":{},"_coverageSchema":"1a1c01bbd47fc00a2c39e90264f33305004495a9","hash":"7acdb23a230c4b35b6ac23fdc7d7f8102dcfb93c"}
,"/Users/rizkyachmadsyah/MyProject/nodejs/dicoding/forum-api/src/Interfaces/http/api/authentications/index.js": {"path":"/Users/rizkyachmadsyah/MyProject/nodejs/dicoding/forum-api/src/Interfaces/http/api/authentications/index.js","statementMap":{"0":{"start":{"line":1,"column":15},"end":{"line":1,"column":34}},"1":{"start":{"line":2,"column":31},"end":{"line":2,"column":51}},"2":{"start":{"line":4,"column":0},"end":{"line":10,"column":2}},"3":{"start":{"line":7,"column":35},"end":{"line":7,"column":72}},"4":{"start":{"line":8,"column":4},"end":{"line":8,"column":49}}},"fnMap":{"0":{"name":"(anonymous_0)","decl":{"start":{"line":6,"column":12},"end":{"line":6,"column":13}},"loc":{"start":{"line":6,"column":45},"end":{"line":9,"column":3}},"line":6}},"branchMap":{},"s":{"0":6,"1":6,"2":6,"3":45,"4":45},"f":{"0":45},"b":{},"_coverageSchema":"1a1c01bbd47fc00a2c39e90264f33305004495a9","hash":"3410f7885ba9859c9ce32232da56e6e6dcad908f"}
,"/Users/rizkyachmadsyah/MyProject/nodejs/dicoding/forum-api/src/Interfaces/http/api/authentications/routes.js": {"path":"/Users/rizkyachmadsyah/MyProject/nodejs/dicoding/forum-api/src/Interfaces/http/api/authentications/routes.js","statementMap":{"0":{"start":{"line":1,"column":15},"end":{"line":17,"column":2}},"1":{"start":{"line":1,"column":29},"end":{"line":17,"column":1}},"2":{"start":{"line":19,"column":0},"end":{"line":19,"column":24}}},"fnMap":{"0":{"name":"(anonymous_0)","decl":{"start":{"line":1,"column":15},"end":{"line":1,"column":16}},"loc":{"start":{"line":1,"column":29},"end":{"line":17,"column":1}},"line":1}},"branchMap":{},"s":{"0":6,"1":45,"2":6},"f":{"0":45},"b":{},"_coverageSchema":"1a1c01bbd47fc00a2c39e90264f33305004495a9","hash":"df22b5f30528af5249f213d0872c3d4b9c7abad2"}
,"/Users/rizkyachmadsyah/MyProject/nodejs/dicoding/forum-api/src/Interfaces/http/api/threadCommentReplies/handler.js": {"path":"/Users/rizkyachmadsyah/MyProject/nodejs/dicoding/forum-api/src/Interfaces/http/api/threadCommentReplies/handler.js","statementMap":{"0":{"start":{"line":1,"column":24},"end":{"line":1,"column":105}},"1":{"start":{"line":2,"column":22},"end":{"line":2,"column":106}},"2":{"start":{"line":6,"column":4},"end":{"line":6,"column":32}},"3":{"start":{"line":8,"column":4},"end":{"line":8,"column":61}},"4":{"start":{"line":9,"column":4},"end":{"line":9,"column":65}},"5":{"start":{"line":13,"column":28},"end":{"line":13,"column":77}},"6":{"start":{"line":14,"column":26},"end":{"line":14,"column":50}},"7":{"start":{"line":15,"column":36},"end":{"line":15,"column":50}},"8":{"start":{"line":16,"column":24},"end":{"line":16,"column":39}},"9":{"start":{"line":17,"column":23},"end":{"line":17,"column":92}},"10":{"start":{"line":19,"column":21},"end":{"line":24,"column":6}},"11":{"start":{"line":25,"column":4},"end":{"line":25,"column":23}},"12":{"start":{"line":26,"column":4},"end":{"line":26,"column":20}},"13":{"start":{"line":30,"column":31},"end":{"line":30,"column":78}},"14":{"start":{"line":31,"column":26},"end":{"line":31,"column":50}},"15":{"start":{"line":32,"column":24},"end":{"line":32,"column":38}},"16":{"start":{"line":33,"column":4},"end":{"line":33,"column":57}},"17":{"start":{"line":35,"column":21},"end":{"line":37,"column":6}},"18":{"start":{"line":38,"column":4},"end":{"line":38,"column":23}},"19":{"start":{"line":39,"column":4},"end":{"line":39,"column":20}},"20":{"start":{"line":43,"column":0},"end":{"line":43,"column":45}}},"fnMap":{"0":{"name":"(anonymous_0)","decl":{"start":{"line":5,"column":2},"end":{"line":5,"column":3}},"loc":{"start":{"line":5,"column":25},"end":{"line":10,"column":3}},"line":5},"1":{"name":"(anonymous_1)","decl":{"start":{"line":12,"column":2},"end":{"line":12,"column":3}},"loc":{"start":{"line":12,"column":37},"end":{"line":27,"column":3}},"line":12},"2":{"name":"(anonymous_2)","decl":{"start":{"line":29,"column":2},"end":{"line":29,"column":3}},"loc":{"start":{"line":29,"column":39},"end":{"line":40,"column":3}},"line":29}},"branchMap":{},"s":{"0":6,"1":6,"2":45,"3":45,"4":45,"5":9,"6":9,"7":9,"8":9,"9":9,"10":5,"11":5,"12":5,"13":4,"14":4,"15":4,"16":4,"17":2,"18":2,"19":2,"20":6},"f":{"0":45,"1":9,"2":4},"b":{},"_coverageSchema":"1a1c01bbd47fc00a2c39e90264f33305004495a9","hash":"a7a422eab2b4681da3d7c78f984cffe036d4dcd6"}
,"/Users/rizkyachmadsyah/MyProject/nodejs/dicoding/forum-api/src/Interfaces/http/api/threadCommentReplies/index.js": {"path":"/Users/rizkyachmadsyah/MyProject/nodejs/dicoding/forum-api/src/Interfaces/http/api/threadCommentReplies/index.js","statementMap":{"0":{"start":{"line":1,"column":36},"end":{"line":1,"column":56}},"1":{"start":{"line":2,"column":15},"end":{"line":2,"column":34}},"2":{"start":{"line":4,"column":0},"end":{"line":10,"column":1}},"3":{"start":{"line":7,"column":40},"end":{"line":7,"column":82}},"4":{"start":{"line":8,"column":4},"end":{"line":8,"column":54}}},"fnMap":{"0":{"name":"(anonymous_0)","decl":{"start":{"line":6,"column":12},"end":{"line":6,"column":13}},"loc":{"start":{"line":6,"column":43},"end":{"line":9,"column":3}},"line":6}},"branchMap":{},"s":{"0":6,"1":6,"2":6,"3":45,"4":45},"f":{"0":45},"b":{},"_coverageSchema":"1a1c01bbd47fc00a2c39e90264f33305004495a9","hash":"4923f1640e59cc0f6c13c509a06bec0820754ae4"}
,"/Users/rizkyachmadsyah/MyProject/nodejs/dicoding/forum-api/src/Interfaces/http/api/threadCommentReplies/routes.js": {"path":"/Users/rizkyachmadsyah/MyProject/nodejs/dicoding/forum-api/src/Interfaces/http/api/threadCommentReplies/routes.js","statementMap":{"0":{"start":{"line":1,"column":15},"end":{"line":18,"column":2}},"1":{"start":{"line":1,"column":29},"end":{"line":18,"column":1}},"2":{"start":{"line":20,"column":0},"end":{"line":20,"column":24}}},"fnMap":{"0":{"name":"(anonymous_0)","decl":{"start":{"line":1,"column":15},"end":{"line":1,"column":16}},"loc":{"start":{"line":1,"column":29},"end":{"line":18,"column":1}},"line":1}},"branchMap":{},"s":{"0":6,"1":45,"2":6},"f":{"0":45},"b":{},"_coverageSchema":"1a1c01bbd47fc00a2c39e90264f33305004495a9","hash":"d5e05987c8f1ffeccfafaa39717be9fc6bddbddb"}
,"/Users/rizkyachmadsyah/MyProject/nodejs/dicoding/forum-api/src/Interfaces/http/api/threadComments/handler.js": {"path":"/Users/rizkyachmadsyah/MyProject/nodejs/dicoding/forum-api/src/Interfaces/http/api/threadComments/handler.js","statementMap":{"0":{"start":{"line":1,"column":26},"end":{"line":1,"column":103}},"1":{"start":{"line":2,"column":29},"end":{"line":2,"column":109}},"2":{"start":{"line":6,"column":4},"end":{"line":6,"column":32}},"3":{"start":{"line":8,"column":4},"end":{"line":8,"column":65}},"4":{"start":{"line":9,"column":4},"end":{"line":9,"column":69}},"5":{"start":{"line":13,"column":30},"end":{"line":13,"column":81}},"6":{"start":{"line":14,"column":26},"end":{"line":14,"column":50}},"7":{"start":{"line":15,"column":25},"end":{"line":15,"column":39}},"8":{"start":{"line":16,"column":24},"end":{"line":16,"column":39}},"9":{"start":{"line":17,"column":25},"end":{"line":17,"column":86}},"10":{"start":{"line":19,"column":21},"end":{"line":24,"column":6}},"11":{"start":{"line":25,"column":4},"end":{"line":25,"column":23}},"12":{"start":{"line":26,"column":4},"end":{"line":26,"column":20}},"13":{"start":{"line":30,"column":33},"end":{"line":30,"column":87}},"14":{"start":{"line":31,"column":26},"end":{"line":31,"column":50}},"15":{"start":{"line":32,"column":26},"end":{"line":32,"column":40}},"16":{"start":{"line":33,"column":4},"end":{"line":33,"column":61}},"17":{"start":{"line":35,"column":21},"end":{"line":37,"column":6}},"18":{"start":{"line":38,"column":4},"end":{"line":38,"column":23}},"19":{"start":{"line":39,"column":4},"end":{"line":39,"column":20}},"20":{"start":{"line":43,"column":0},"end":{"line":43,"column":39}}},"fnMap":{"0":{"name":"(anonymous_0)","decl":{"start":{"line":5,"column":2},"end":{"line":5,"column":3}},"loc":{"start":{"line":5,"column":25},"end":{"line":10,"column":3}},"line":5},"1":{"name":"(anonymous_1)","decl":{"start":{"line":12,"column":2},"end":{"line":12,"column":3}},"loc":{"start":{"line":12,"column":39},"end":{"line":27,"column":3}},"line":12},"2":{"name":"(anonymous_2)","decl":{"start":{"line":29,"column":2},"end":{"line":29,"column":3}},"loc":{"start":{"line":29,"column":41},"end":{"line":40,"column":3}},"line":29}},"branchMap":{},"s":{"0":6,"1":6,"2":45,"3":45,"4":45,"5":17,"6":17,"7":17,"8":17,"9":17,"10":14,"11":14,"12":14,"13":4,"14":4,"15":4,"16":4,"17":2,"18":2,"19":2,"20":6},"f":{"0":45,"1":17,"2":4},"b":{},"_coverageSchema":"1a1c01bbd47fc00a2c39e90264f33305004495a9","hash":"b22912d43516e49e2d9e5a3abe979b8e4ed9fcc7"}
,"/Users/rizkyachmadsyah/MyProject/nodejs/dicoding/forum-api/src/Interfaces/http/api/threadComments/index.js": {"path":"/Users/rizkyachmadsyah/MyProject/nodejs/dicoding/forum-api/src/Interfaces/http/api/threadComments/index.js","statementMap":{"0":{"start":{"line":1,"column":30},"end":{"line":1,"column":50}},"1":{"start":{"line":2,"column":15},"end":{"line":2,"column":34}},"2":{"start":{"line":4,"column":0},"end":{"line":10,"column":1}},"3":{"start":{"line":7,"column":34},"end":{"line":7,"column":70}},"4":{"start":{"line":8,"column":4},"end":{"line":8,"column":48}}},"fnMap":{"0":{"name":"(anonymous_0)","decl":{"start":{"line":6,"column":12},"end":{"line":6,"column":13}},"loc":{"start":{"line":6,"column":45},"end":{"line":9,"column":3}},"line":6}},"branchMap":{},"s":{"0":6,"1":6,"2":6,"3":45,"4":45},"f":{"0":45},"b":{},"_coverageSchema":"1a1c01bbd47fc00a2c39e90264f33305004495a9","hash":"88e7d6c772be6bd145fdc99949af16d0db464ffd"}
,"/Users/rizkyachmadsyah/MyProject/nodejs/dicoding/forum-api/src/Interfaces/http/api/threadComments/routes.js": {"path":"/Users/rizkyachmadsyah/MyProject/nodejs/dicoding/forum-api/src/Interfaces/http/api/threadComments/routes.js","statementMap":{"0":{"start":{"line":1,"column":15},"end":{"line":18,"column":2}},"1":{"start":{"line":1,"column":29},"end":{"line":18,"column":1}},"2":{"start":{"line":20,"column":0},"end":{"line":20,"column":24}}},"fnMap":{"0":{"name":"(anonymous_0)","decl":{"start":{"line":1,"column":15},"end":{"line":1,"column":16}},"loc":{"start":{"line":1,"column":29},"end":{"line":18,"column":1}},"line":1}},"branchMap":{},"s":{"0":6,"1":45,"2":6},"f":{"0":45},"b":{},"_coverageSchema":"1a1c01bbd47fc00a2c39e90264f33305004495a9","hash":"5a623ec504538a28d1f8f9195ebfb6ad7fdb1ede"}
,"/Users/rizkyachmadsyah/MyProject/nodejs/dicoding/forum-api/src/Interfaces/http/api/threads/handler.js": {"path":"/Users/rizkyachmadsyah/MyProject/nodejs/dicoding/forum-api/src/Interfaces/http/api/threads/handler.js","statementMap":{"0":{"start":{"line":1,"column":25},"end":{"line":1,"column":94}},"1":{"start":{"line":2,"column":28},"end":{"line":2,"column":100}},"2":{"start":{"line":6,"column":4},"end":{"line":6,"column":32}},"3":{"start":{"line":8,"column":4},"end":{"line":8,"column":63}},"4":{"start":{"line":9,"column":4},"end":{"line":9,"column":73}},"5":{"start":{"line":13,"column":29},"end":{"line":13,"column":79}},"6":{"start":{"line":14,"column":26},"end":{"line":14,"column":50}},"7":{"start":{"line":15,"column":28},"end":{"line":15,"column":43}},"8":{"start":{"line":16,"column":24},"end":{"line":16,"column":78}},"9":{"start":{"line":18,"column":21},"end":{"line":23,"column":6}},"10":{"start":{"line":24,"column":4},"end":{"line":24,"column":23}},"11":{"start":{"line":25,"column":4},"end":{"line":25,"column":20}},"12":{"start":{"line":29,"column":32},"end":{"line":29,"column":85}},"13":{"start":{"line":30,"column":25},"end":{"line":30,"column":39}},"14":{"start":{"line":31,"column":19},"end":{"line":31,"column":62}},"15":{"start":{"line":33,"column":21},"end":{"line":38,"column":6}},"16":{"start":{"line":39,"column":4},"end":{"line":39,"column":23}},"17":{"start":{"line":40,"column":4},"end":{"line":40,"column":20}},"18":{"start":{"line":44,"column":0},"end":{"line":44,"column":32}}},"fnMap":{"0":{"name":"(anonymous_0)","decl":{"start":{"line":5,"column":2},"end":{"line":5,"column":3}},"loc":{"start":{"line":5,"column":25},"end":{"line":10,"column":3}},"line":5},"1":{"name":"(anonymous_1)","decl":{"start":{"line":12,"column":2},"end":{"line":12,"column":3}},"loc":{"start":{"line":12,"column":38},"end":{"line":26,"column":3}},"line":12},"2":{"name":"(anonymous_2)","decl":{"start":{"line":28,"column":2},"end":{"line":28,"column":3}},"loc":{"start":{"line":28,"column":43},"end":{"line":41,"column":3}},"line":28}},"branchMap":{},"s":{"0":6,"1":6,"2":45,"3":45,"4":45,"5":21,"6":21,"7":21,"8":21,"9":19,"10":19,"11":19,"12":5,"13":5,"14":5,"15":4,"16":4,"17":4,"18":6},"f":{"0":45,"1":21,"2":5},"b":{},"_coverageSchema":"1a1c01bbd47fc00a2c39e90264f33305004495a9","hash":"4adc1c39028267cc0b67e3a7ec8056a1736bbefb"}
,"/Users/rizkyachmadsyah/MyProject/nodejs/dicoding/forum-api/src/Interfaces/http/api/threads/index.js": {"path":"/Users/rizkyachmadsyah/MyProject/nodejs/dicoding/forum-api/src/Interfaces/http/api/threads/index.js","statementMap":{"0":{"start":{"line":1,"column":23},"end":{"line":1,"column":43}},"1":{"start":{"line":2,"column":15},"end":{"line":2,"column":34}},"2":{"start":{"line":4,"column":0},"end":{"line":10,"column":1}},"3":{"start":{"line":7,"column":27},"end":{"line":7,"column":56}},"4":{"start":{"line":8,"column":4},"end":{"line":8,"column":41}}},"fnMap":{"0":{"name":"(anonymous_0)","decl":{"start":{"line":6,"column":12},"end":{"line":6,"column":13}},"loc":{"start":{"line":6,"column":45},"end":{"line":9,"column":3}},"line":6}},"branchMap":{},"s":{"0":6,"1":6,"2":6,"3":45,"4":45},"f":{"0":45},"b":{},"_coverageSchema":"1a1c01bbd47fc00a2c39e90264f33305004495a9","hash":"c0630b909d65129274e8e9219f17e0bf9ec5d899"}
,"/Users/rizkyachmadsyah/MyProject/nodejs/dicoding/forum-api/src/Interfaces/http/api/threads/routes.js": {"path":"/Users/rizkyachmadsyah/MyProject/nodejs/dicoding/forum-api/src/Interfaces/http/api/threads/routes.js","statementMap":{"0":{"start":{"line":1,"column":15},"end":{"line":15,"column":2}},"1":{"start":{"line":1,"column":29},"end":{"line":15,"column":1}},"2":{"start":{"line":17,"column":0},"end":{"line":17,"column":24}}},"fnMap":{"0":{"name":"(anonymous_0)","decl":{"start":{"line":1,"column":15},"end":{"line":1,"column":16}},"loc":{"start":{"line":1,"column":29},"end":{"line":15,"column":1}},"line":1}},"branchMap":{},"s":{"0":6,"1":45,"2":6},"f":{"0":45},"b":{},"_coverageSchema":"1a1c01bbd47fc00a2c39e90264f33305004495a9","hash":"fc522c887e995db3178dffbac0232d0437eb3175"}
,"/Users/rizkyachmadsyah/MyProject/nodejs/dicoding/forum-api/src/Interfaces/http/api/users/handler.js": {"path":"/Users/rizkyachmadsyah/MyProject/nodejs/dicoding/forum-api/src/Interfaces/http/api/users/handler.js","statementMap":{"0":{"start":{"line":1,"column":23},"end":{"line":1,"column":88}},"1":{"start":{"line":5,"column":4},"end":{"line":5,"column":32}},"2":{"start":{"line":7,"column":4},"end":{"line":7,"column":59}},"3":{"start":{"line":11,"column":27},"end":{"line":11,"column":75}},"4":{"start":{"line":12,"column":22},"end":{"line":12,"column":67}},"5":{"start":{"line":14,"column":21},"end":{"line":19,"column":6}},"6":{"start":{"line":20,"column":4},"end":{"line":20,"column":23}},"7":{"start":{"line":21,"column":4},"end":{"line":21,"column":20}},"8":{"start":{"line":25,"column":0},"end":{"line":25,"column":30}}},"fnMap":{"0":{"name":"(anonymous_0)","decl":{"start":{"line":4,"column":2},"end":{"line":4,"column":3}},"loc":{"start":{"line":4,"column":25},"end":{"line":8,"column":3}},"line":4},"1":{"name":"(anonymous_1)","decl":{"start":{"line":10,"column":2},"end":{"line":10,"column":3}},"loc":{"start":{"line":10,"column":36},"end":{"line":22,"column":3}},"line":10}},"branchMap":{},"s":{"0":6,"1":45,"2":45,"3":10,"4":9,"5":4,"6":4,"7":4,"8":6},"f":{"0":45,"1":10},"b":{},"_coverageSchema":"1a1c01bbd47fc00a2c39e90264f33305004495a9","hash":"5e207e08f5eb2aac94d3e9159938c0a8fad3dcd6"}
,"/Users/rizkyachmadsyah/MyProject/nodejs/dicoding/forum-api/src/Interfaces/http/api/users/index.js": {"path":"/Users/rizkyachmadsyah/MyProject/nodejs/dicoding/forum-api/src/Interfaces/http/api/users/index.js","statementMap":{"0":{"start":{"line":1,"column":21},"end":{"line":1,"column":41}},"1":{"start":{"line":2,"column":15},"end":{"line":2,"column":34}},"2":{"start":{"line":4,"column":0},"end":{"line":10,"column":2}},"3":{"start":{"line":7,"column":25},"end":{"line":7,"column":52}},"4":{"start":{"line":8,"column":4},"end":{"line":8,"column":39}}},"fnMap":{"0":{"name":"(anonymous_0)","decl":{"start":{"line":6,"column":12},"end":{"line":6,"column":13}},"loc":{"start":{"line":6,"column":45},"end":{"line":9,"column":3}},"line":6}},"branchMap":{},"s":{"0":6,"1":6,"2":6,"3":45,"4":45},"f":{"0":45},"b":{},"_coverageSchema":"1a1c01bbd47fc00a2c39e90264f33305004495a9","hash":"e06b90220e2aba19318b1ea5edae581727f48626"}
,"/Users/rizkyachmadsyah/MyProject/nodejs/dicoding/forum-api/src/Interfaces/http/api/users/routes.js": {"path":"/Users/rizkyachmadsyah/MyProject/nodejs/dicoding/forum-api/src/Interfaces/http/api/users/routes.js","statementMap":{"0":{"start":{"line":1,"column":15},"end":{"line":7,"column":2}},"1":{"start":{"line":1,"column":29},"end":{"line":7,"column":1}},"2":{"start":{"line":9,"column":0},"end":{"line":9,"column":24}}},"fnMap":{"0":{"name":"(anonymous_0)","decl":{"start":{"line":1,"column":15},"end":{"line":1,"column":16}},"loc":{"start":{"line":1,"column":29},"end":{"line":7,"column":1}},"line":1}},"branchMap":{},"s":{"0":6,"1":45,"2":6},"f":{"0":45},"b":{},"_coverageSchema":"1a1c01bbd47fc00a2c39e90264f33305004495a9","hash":"d8e942cc6d50ef49f4e2a32d0d1116e39022933b"}
}
