TN:
SF:src/Applications/security/AuthenticationTokenManager.js
FN:2,(anonymous_0)
FN:6,(anonymous_1)
FN:10,(anonymous_2)
FN:14,(anonymous_3)
FNF:4
FNH:4
FNDA:1,(anonymous_0)
FNDA:1,(anonymous_1)
FNDA:1,(anonymous_2)
FNDA:1,(anonymous_3)
DA:3,1
DA:7,1
DA:11,1
DA:15,1
DA:19,9
LF:5
LH:5
BRF:0
BRH:0
end_of_record
TN:
SF:src/Applications/security/PasswordHash.js
FN:2,(anonymous_0)
FN:6,(anonymous_1)
FNF:2
FNH:2
FNDA:1,(anonymous_0)
FNDA:1,(anonymous_1)
DA:3,1
DA:7,1
DA:11,9
LF:3
LH:3
BRF:0
BRH:0
end_of_record
TN:
SF:src/Applications/use_case/authentications/DeleteAuthenticationUseCase.js
FN:2,(anonymous_0)
FN:8,(anonymous_1)
FN:15,(anonymous_2)
FNF:3
FNH:3
FNDA:3,(anonymous_0)
FNDA:3,(anonymous_1)
FNDA:3,(anonymous_2)
DA:5,3
DA:9,3
DA:10,1
DA:11,1
DA:12,1
DA:16,3
DA:17,3
DA:18,1
DA:21,2
DA:22,1
DA:27,1
LF:11
LH:11
BRDA:17,0,0,1
BRDA:17,0,1,2
BRDA:21,1,0,1
BRDA:21,1,1,1
BRF:4
BRH:4
end_of_record
TN:
SF:src/Applications/use_case/authentications/LoginUserUseCase.js
FN:5,(anonymous_0)
FN:17,(anonymous_1)
FNF:2
FNH:2
FNDA:2,(anonymous_0)
FNDA:7,(anonymous_1)
DA:1,7
DA:2,7
DA:11,2
DA:12,2
DA:13,2
DA:14,2
DA:18,7
DA:20,5
DA:22,4
DA:24,3
DA:26,3
DA:28,3
DA:31,3
DA:36,3
DA:38,3
DA:42,7
LF:16
LH:16
BRF:0
BRH:0
end_of_record
TN:
SF:src/Applications/use_case/authentications/LogoutUserUseCase.js
FN:2,(anonymous_0)
FN:8,(anonymous_1)
FN:15,(anonymous_2)
FNF:3
FNH:3
FNDA:4,(anonymous_0)
FNDA:7,(anonymous_1)
FNDA:7,(anonymous_2)
DA:5,4
DA:9,7
DA:10,3
DA:11,3
DA:12,2
DA:16,7
DA:17,7
DA:18,2
DA:21,5
DA:22,2
DA:27,7
LF:11
LH:11
BRDA:17,0,0,2
BRDA:17,0,1,5
BRDA:21,1,0,2
BRDA:21,1,1,3
BRF:4
BRH:4
end_of_record
TN:
SF:src/Applications/use_case/authentications/RefreshAuthenticationUseCase.js
FN:2,(anonymous_0)
FN:10,(anonymous_1)
FN:22,(anonymous_2)
FNF:3
FNH:3
FNDA:4,(anonymous_0)
FNDA:8,(anonymous_1)
FNDA:8,(anonymous_2)
DA:6,4
DA:7,4
DA:11,8
DA:12,4
DA:14,4
DA:15,3
DA:17,2
DA:19,2
DA:23,8
DA:25,8
DA:26,2
DA:29,6
DA:30,2
DA:35,7
LF:14
LH:14
BRDA:25,0,0,2
BRDA:25,0,1,6
BRDA:29,1,0,2
BRDA:29,1,1,4
BRF:4
BRH:4
end_of_record
TN:
SF:src/Applications/use_case/threadCommentReplies/AddReplyUseCase.js
FN:4,(anonymous_0)
FN:14,(anonymous_1)
FNF:2
FNH:2
FNDA:2,(anonymous_0)
FNDA:6,(anonymous_1)
DA:1,7
DA:9,2
DA:10,2
DA:11,2
DA:15,6
DA:16,4
DA:17,4
DA:18,4
DA:22,7
LF:9
LH:9
BRF:0
BRH:0
end_of_record
TN:
SF:src/Applications/use_case/threadCommentReplies/DeleteReplyUseCase.js
FN:2,(anonymous_0)
FN:8,(anonymous_1)
FNF:2
FNH:2
FNDA:2,(anonymous_0)
FNDA:4,(anonymous_1)
DA:5,2
DA:9,4
DA:10,4
DA:12,3
DA:13,1
DA:16,2
DA:20,7
LF:7
LH:7
BRDA:12,0,0,1
BRDA:12,0,1,2
BRF:2
BRH:2
end_of_record
TN:
SF:src/Applications/use_case/threadComments/AddCommentUseCase.js
FN:4,(anonymous_0)
FN:12,(anonymous_1)
FNF:2
FNH:2
FNDA:3,(anonymous_0)
FNDA:12,(anonymous_1)
DA:1,7
DA:8,3
DA:9,3
DA:13,12
DA:14,10
DA:15,10
DA:19,7
LF:7
LH:7
BRF:0
BRH:0
end_of_record
TN:
SF:src/Applications/use_case/threadComments/DeleteCommentUseCase.js
FN:2,(anonymous_0)
FN:8,(anonymous_1)
FNF:2
FNH:2
FNDA:2,(anonymous_0)
FNDA:4,(anonymous_1)
DA:5,2
DA:9,4
DA:10,4
DA:12,3
DA:13,1
DA:16,2
DA:20,7
LF:7
LH:7
BRDA:12,0,0,1
BRDA:12,0,1,2
BRF:2
BRH:2
end_of_record
TN:
SF:src/Applications/use_case/threads/DetailThreadUseCase.js
FN:2,(anonymous_0)
FN:12,(anonymous_1)
FNF:2
FNH:2
FNDA:2,(anonymous_0)
FNDA:3,(anonymous_1)
DA:7,2
DA:8,2
DA:9,2
DA:13,3
DA:14,2
DA:16,2
DA:17,2
DA:18,2
DA:19,1
DA:23,2
DA:27,7
LF:11
LH:11
BRDA:18,0,0,1
BRDA:18,0,1,1
BRF:2
BRH:2
end_of_record
TN:
SF:src/Applications/use_case/threads/NewThreadUseCase.js
FN:4,(anonymous_0)
FN:10,(anonymous_1)
FNF:2
FNH:2
FNDA:4,(anonymous_0)
FNDA:16,(anonymous_1)
DA:1,7
DA:7,4
DA:11,16
DA:12,14
DA:16,7
LF:5
LH:5
BRF:0
BRH:0
end_of_record
TN:
SF:src/Applications/use_case/users/AddUserUseCase.js
FN:4,(anonymous_0)
FN:9,(anonymous_1)
FNF:2
FNH:2
FNDA:3,(anonymous_0)
FNDA:10,(anonymous_1)
DA:1,7
DA:5,3
DA:6,3
DA:10,10
DA:11,6
DA:12,5
DA:13,5
DA:17,7
LF:8
LH:8
BRF:0
BRH:0
end_of_record
TN:
SF:src/Commons/exceptions/AuthenticationError.js
FN:4,(anonymous_0)
FNF:1
FNH:1
FNDA:3,(anonymous_0)
DA:1,7
DA:5,3
DA:6,3
DA:10,7
LF:4
LH:4
BRF:0
BRH:0
end_of_record
TN:
SF:src/Commons/exceptions/AuthorizationError.js
FN:4,(anonymous_0)
FNF:1
FNH:1
FNDA:15,(anonymous_0)
DA:1,8
DA:5,15
DA:6,15
DA:10,8
LF:4
LH:4
BRF:0
BRH:0
end_of_record
TN:
SF:src/Commons/exceptions/ClientError.js
FN:2,(anonymous_0)
FNF:1
FNH:1
FNDA:167,(anonymous_0)
DA:3,167
DA:5,167
DA:6,1
DA:9,166
DA:10,166
DA:14,16
LF:6
LH:6
BRDA:2,0,0,127
BRDA:5,1,0,1
BRDA:5,1,1,166
BRF:3
BRH:3
end_of_record
TN:
SF:src/Commons/exceptions/DomainErrorTranslator.js
FN:6,(anonymous_0)
FNF:1
FNH:1
FNDA:34,(anonymous_0)
DA:1,7
DA:2,7
DA:3,7
DA:5,7
DA:7,34
DA:11,7
DA:35,7
LF:7
LH:7
BRDA:7,0,0,34
BRDA:7,0,1,9
BRF:2
BRH:2
end_of_record
TN:
SF:src/Commons/exceptions/InvariantError.js
FN:4,(anonymous_0)
FNF:1
FNH:1
FNDA:126,(anonymous_0)
DA:1,11
DA:5,126
DA:6,126
DA:10,11
LF:4
LH:4
BRF:0
BRH:0
end_of_record
TN:
SF:src/Commons/exceptions/NotFoundError.js
FN:4,(anonymous_0)
FNF:1
FNH:1
FNDA:22,(anonymous_0)
DA:1,8
DA:5,22
DA:6,22
DA:10,8
LF:4
LH:4
BRF:0
BRH:0
end_of_record
TN:
SF:src/Domains/authentications/AuthenticationRepository.js
FN:2,(anonymous_0)
FN:6,(anonymous_1)
FN:10,(anonymous_2)
FNF:3
FNH:3
FNDA:1,(anonymous_0)
FNDA:1,(anonymous_1)
FNDA:1,(anonymous_2)
DA:3,1
DA:7,1
DA:11,1
DA:15,11
LF:4
LH:4
BRF:0
BRH:0
end_of_record
TN:
SF:src/Domains/authentications/entities/NewAuth.js
FN:2,(anonymous_0)
FN:9,(anonymous_1)
FNF:2
FNH:2
FNDA:7,(anonymous_0)
FNDA:7,(anonymous_1)
DA:3,7
DA:5,5
DA:6,5
DA:10,7
DA:12,7
DA:13,1
DA:16,6
DA:17,1
DA:22,8
LF:9
LH:9
BRDA:12,0,0,1
BRDA:12,0,1,6
BRDA:12,1,0,7
BRDA:12,1,1,7
BRDA:16,2,0,1
BRDA:16,2,1,5
BRDA:16,3,0,6
BRDA:16,3,1,6
BRF:8
BRH:8
end_of_record
TN:
SF:src/Domains/threadCommentReplies/ThreadCommentReplyRepository.js
FN:2,(anonymous_0)
FN:6,(anonymous_1)
FN:10,(anonymous_2)
FN:14,(anonymous_3)
FNF:4
FNH:4
FNDA:1,(anonymous_0)
FNDA:1,(anonymous_1)
FNDA:1,(anonymous_2)
FNDA:1,(anonymous_3)
DA:3,1
DA:7,1
DA:11,1
DA:15,1
DA:19,10
LF:5
LH:5
BRF:0
BRH:0
end_of_record
TN:
SF:src/Domains/threadCommentReplies/entities/NewReply.js
FN:2,(anonymous_0)
FN:11,(anonymous_1)
FNF:2
FNH:2
FNDA:13,(anonymous_0)
FNDA:13,(anonymous_1)
DA:3,13
DA:5,9
DA:6,9
DA:7,9
DA:8,9
DA:12,13
DA:14,13
DA:15,2
DA:18,11
DA:19,2
DA:24,9
LF:11
LH:11
BRDA:14,0,0,2
BRDA:14,0,1,11
BRDA:14,1,0,13
BRDA:14,1,1,11
BRDA:14,1,2,11
BRDA:14,1,3,11
BRDA:18,2,0,2
BRDA:18,2,1,9
BRDA:18,3,0,11
BRDA:18,3,1,9
BRDA:18,3,2,9
BRDA:18,3,3,9
BRF:12
BRH:12
end_of_record
TN:
SF:src/Domains/threadComments/ThreadCommentRepository.js
FN:2,(anonymous_0)
FN:6,(anonymous_1)
FN:10,(anonymous_2)
FN:14,(anonymous_3)
FNF:4
FNH:4
FNDA:1,(anonymous_0)
FNDA:1,(anonymous_1)
FNDA:1,(anonymous_2)
FNDA:1,(anonymous_3)
DA:3,1
DA:7,1
DA:11,1
DA:15,1
DA:19,11
LF:5
LH:5
BRF:0
BRH:0
end_of_record
TN:
SF:src/Domains/threadComments/entities/Comment.js
FN:2,(anonymous_0)
FN:15,(anonymous_1)
FNF:2
FNH:2
FNDA:22,(anonymous_0)
FNDA:22,(anonymous_1)
DA:3,22
DA:5,20
DA:7,20
DA:8,20
DA:9,20
DA:10,20
DA:11,20
DA:12,20
DA:16,22
DA:17,1
DA:20,21
DA:21,1
DA:26,8
LF:13
LH:13
BRDA:16,0,0,1
BRDA:16,0,1,21
BRDA:16,1,0,22
BRDA:16,1,1,21
BRDA:16,1,2,21
BRDA:20,2,0,1
BRDA:20,2,1,20
BRDA:20,3,0,21
BRDA:20,3,1,20
BRDA:20,3,2,20
BRF:10
BRH:10
end_of_record
TN:
SF:src/Domains/threadComments/entities/NewThreadComment.js
FN:2,(anonymous_0)
FN:10,(anonymous_1)
FNF:2
FNH:2
FNDA:21,(anonymous_0)
FNDA:21,(anonymous_1)
DA:3,21
DA:5,17
DA:6,17
DA:7,17
DA:11,21
DA:13,21
DA:14,2
DA:17,19
DA:18,2
DA:23,9
LF:10
LH:10
BRDA:13,0,0,2
BRDA:13,0,1,19
BRDA:13,1,0,21
BRDA:13,1,1,19
BRDA:13,1,2,19
BRDA:17,2,0,2
BRDA:17,2,1,17
BRDA:17,3,0,19
BRDA:17,3,1,17
BRDA:17,3,2,17
BRF:10
BRH:10
end_of_record
TN:
SF:src/Domains/threads/ThreadRepository.js
FN:2,(anonymous_0)
FN:6,(anonymous_1)
FNF:2
FNH:2
FNDA:1,(anonymous_0)
FNDA:1,(anonymous_1)
DA:3,1
DA:7,1
DA:11,11
LF:3
LH:3
BRF:0
BRH:0
end_of_record
TN:
SF:src/Domains/threads/entities/NewThread.js
FN:2,(anonymous_0)
FN:10,(anonymous_1)
FNF:2
FNH:2
FNDA:23,(anonymous_0)
FNDA:23,(anonymous_1)
DA:3,23
DA:5,19
DA:6,19
DA:7,19
DA:11,23
DA:13,23
DA:14,2
DA:17,21
DA:18,2
DA:23,9
LF:10
LH:10
BRDA:13,0,0,2
BRDA:13,0,1,21
BRDA:13,1,0,23
BRDA:13,1,1,23
BRDA:13,1,2,21
BRDA:17,2,0,2
BRDA:17,2,1,19
BRDA:17,3,0,21
BRDA:17,3,1,21
BRDA:17,3,2,19
BRF:10
BRH:10
end_of_record
TN:
SF:src/Domains/threads/entities/Thread.js
FN:2,(anonymous_0)
FN:14,(anonymous_1)
FNF:2
FNH:2
FNDA:18,(anonymous_0)
FNDA:18,(anonymous_1)
DA:3,18
DA:5,16
DA:7,16
DA:8,16
DA:9,16
DA:10,16
DA:11,16
DA:15,18
DA:16,1
DA:19,17
DA:20,1
DA:25,7
LF:12
LH:12
BRDA:15,0,0,1
BRDA:15,0,1,17
BRDA:15,1,0,18
BRDA:15,1,1,17
BRDA:15,1,2,17
BRDA:15,1,3,17
BRDA:19,2,0,1
BRDA:19,2,1,16
BRDA:19,3,0,17
BRDA:19,3,1,16
BRDA:19,3,2,16
BRDA:19,3,3,16
BRF:12
BRH:12
end_of_record
TN:
SF:src/Domains/users/UserRepository.js
FN:2,(anonymous_0)
FN:6,(anonymous_1)
FN:10,(anonymous_2)
FN:14,(anonymous_3)
FNF:4
FNH:4
FNDA:1,(anonymous_0)
FNDA:1,(anonymous_1)
FNDA:1,(anonymous_2)
FNDA:1,(anonymous_3)
DA:3,1
DA:7,1
DA:11,1
DA:15,1
DA:19,9
LF:5
LH:5
BRF:0
BRH:0
end_of_record
TN:
SF:src/Domains/users/entities/RegisterUser.js
FN:2,(anonymous_0)
FN:12,(anonymous_1)
FNF:2
FNH:2
FNDA:18,(anonymous_0)
FNDA:18,(anonymous_1)
DA:3,18
DA:5,10
DA:7,10
DA:8,10
DA:9,10
DA:13,18
DA:14,2
DA:17,16
DA:18,2
DA:21,14
DA:22,2
DA:25,12
DA:26,2
DA:31,9
LF:14
LH:14
BRDA:13,0,0,2
BRDA:13,0,1,16
BRDA:13,1,0,18
BRDA:13,1,1,17
BRDA:13,1,2,17
BRDA:17,2,0,2
BRDA:17,2,1,14
BRDA:17,3,0,16
BRDA:17,3,1,15
BRDA:17,3,2,14
BRDA:21,4,0,2
BRDA:21,4,1,12
BRDA:25,5,0,2
BRDA:25,5,1,10
BRF:14
BRH:14
end_of_record
TN:
SF:src/Domains/users/entities/RegisteredUser.js
FN:2,(anonymous_0)
FN:12,(anonymous_1)
FNF:2
FNH:2
FNDA:11,(anonymous_0)
FNDA:11,(anonymous_1)
DA:3,11
DA:5,9
DA:7,9
DA:8,9
DA:9,9
DA:13,11
DA:14,1
DA:17,10
DA:18,1
DA:23,8
LF:10
LH:10
BRDA:13,0,0,1
BRDA:13,0,1,10
BRDA:13,1,0,11
BRDA:13,1,1,10
BRDA:13,1,2,10
BRDA:17,2,0,1
BRDA:17,2,1,9
BRDA:17,3,0,10
BRDA:17,3,1,9
BRDA:17,3,2,9
BRF:10
BRH:10
end_of_record
TN:
SF:src/Domains/users/entities/UserLogin.js
FN:2,(anonymous_0)
FN:9,(anonymous_1)
FNF:2
FNH:2
FNDA:10,(anonymous_0)
FNDA:10,(anonymous_1)
DA:3,10
DA:5,6
DA:6,6
DA:10,10
DA:12,10
DA:13,2
DA:16,8
DA:17,2
DA:22,8
LF:9
LH:9
BRDA:12,0,0,2
BRDA:12,0,1,8
BRDA:12,1,0,10
BRDA:12,1,1,10
BRDA:16,2,0,2
BRDA:16,2,1,6
BRDA:16,3,0,8
BRDA:16,3,1,7
BRF:8
BRH:8
end_of_record
TN:
SF:src/Infrastructures/http/createServer.js
FN:11,(anonymous_0)
FN:32,(anonymous_1)
FN:64,(anonymous_2)
FNF:3
FNH:3
FNDA:39,(anonymous_0)
FNDA:37,(anonymous_1)
FNDA:65,(anonymous_2)
DA:1,6
DA:2,6
DA:3,6
DA:4,6
DA:5,6
DA:6,6
DA:7,6
DA:8,6
DA:9,6
DA:11,6
DA:12,39
DA:17,39
DA:24,39
DA:32,37
DA:40,39
DA:64,39
DA:65,65
DA:67,65
DA:68,29
DA:70,29
DA:71,27
DA:75,27
DA:76,27
DA:79,2
DA:80,1
DA:83,1
DA:87,1
DA:88,1
DA:91,36
DA:94,39
DA:97,6
LF:31
LH:31
BRDA:67,0,0,29
BRDA:67,0,1,36
BRDA:70,1,0,27
BRDA:70,1,1,2
BRDA:79,2,0,1
BRDA:79,2,1,1
BRF:6
BRH:6
end_of_record
TN:
SF:src/Infrastructures/repository/AuthenticationRepositoryPostgres.js
FN:5,(anonymous_0)
FN:10,(anonymous_1)
FN:19,(anonymous_2)
FN:32,(anonymous_3)
FNF:4
FNH:4
FNDA:4,(anonymous_0)
FNDA:3,(anonymous_1)
FNDA:5,(anonymous_2)
FNDA:2,(anonymous_3)
DA:1,6
DA:2,6
DA:6,4
DA:7,4
DA:11,3
DA:16,3
DA:20,5
DA:25,5
DA:27,5
DA:28,2
DA:33,2
DA:38,2
DA:42,6
LF:13
LH:13
BRDA:27,0,0,2
BRDA:27,0,1,3
BRF:2
BRH:2
end_of_record
TN:
SF:src/Infrastructures/repository/ThreadCommentReplyRepositoryPostgres.js
FN:5,(anonymous_0)
FN:11,(anonymous_1)
FN:26,(anonymous_2)
FN:42,(anonymous_3)
FN:53,(anonymous_4)
FNF:5
FNH:5
FNDA:5,(anonymous_0)
FNDA:6,(anonymous_1)
FNDA:4,(anonymous_2)
FNDA:2,(anonymous_3)
FNDA:1,(anonymous_4)
DA:1,6
DA:2,6
DA:6,5
DA:7,5
DA:8,5
DA:12,6
DA:13,6
DA:14,6
DA:16,6
DA:21,6
DA:23,6
DA:27,4
DA:33,4
DA:35,4
DA:36,1
DA:39,3
DA:43,2
DA:50,2
DA:54,1
DA:63,1
DA:65,1
DA:69,6
LF:22
LH:22
BRDA:35,0,0,1
BRDA:35,0,1,3
BRF:2
BRH:2
end_of_record
TN:
SF:src/Infrastructures/repository/ThreadCommentRepositoryPostgres.js
FN:5,(anonymous_0)
FN:11,(anonymous_1)
FN:41,(anonymous_2)
FN:57,(anonymous_3)
FN:68,(anonymous_4)
FNF:5
FNH:5
FNDA:7,(anonymous_0)
FNDA:13,(anonymous_1)
FNDA:7,(anonymous_2)
FNDA:2,(anonymous_3)
FNDA:2,(anonymous_4)
DA:1,6
DA:2,6
DA:6,7
DA:7,7
DA:8,7
DA:12,13
DA:13,13
DA:14,13
DA:16,13
DA:21,13
DA:23,13
DA:42,7
DA:48,7
DA:50,7
DA:51,1
DA:54,6
DA:58,2
DA:65,2
DA:69,2
DA:78,2
DA:80,2
DA:84,6
LF:22
LH:22
BRDA:50,0,0,1
BRDA:50,0,1,6
BRF:2
BRH:2
end_of_record
TN:
SF:src/Infrastructures/repository/ThreadRepositoryPostgres.js
FN:5,(anonymous_0)
FN:11,(anonymous_1)
FN:26,(anonymous_2)
FNF:3
FNH:3
FNDA:5,(anonymous_0)
FNDA:15,(anonymous_1)
FNDA:15,(anonymous_2)
DA:1,6
DA:2,6
DA:6,5
DA:7,5
DA:8,5
DA:12,15
DA:13,15
DA:14,15
DA:16,15
DA:21,15
DA:23,15
DA:27,15
DA:34,15
DA:36,15
DA:37,1
DA:40,14
DA:44,6
LF:17
LH:17
BRDA:36,0,0,1
BRDA:36,0,1,14
BRF:2
BRH:2
end_of_record
TN:
SF:src/Infrastructures/repository/UserRepositoryPostgres.js
FN:6,(anonymous_0)
FN:12,(anonymous_1)
FN:25,(anonymous_2)
FN:39,(anonymous_3)
FN:54,(anonymous_4)
FNF:5
FNH:5
FNDA:10,(anonymous_0)
FNDA:7,(anonymous_1)
FNDA:6,(anonymous_2)
FNDA:6,(anonymous_3)
FNDA:4,(anonymous_4)
DA:1,6
DA:2,6
DA:3,6
DA:7,10
DA:8,10
DA:9,10
DA:13,7
DA:18,7
DA:20,7
DA:21,2
DA:26,6
DA:27,6
DA:29,6
DA:34,6
DA:36,6
DA:40,6
DA:45,6
DA:47,6
DA:48,2
DA:51,4
DA:55,4
DA:60,4
DA:62,4
DA:63,1
DA:66,3
DA:68,3
DA:72,6
LF:27
LH:27
BRDA:20,0,0,2
BRDA:20,0,1,5
BRDA:47,1,0,2
BRDA:47,1,1,4
BRDA:62,2,0,1
BRDA:62,2,1,3
BRF:6
BRH:6
end_of_record
TN:
SF:src/Infrastructures/security/BcryptPasswordHash.js
FN:5,(anonymous_0)
FN:11,(anonymous_1)
FN:15,(anonymous_2)
FNF:3
FNH:3
FNDA:5,(anonymous_0)
FNDA:6,(anonymous_1)
FNDA:5,(anonymous_2)
DA:1,6
DA:2,6
DA:6,5
DA:7,5
DA:8,5
DA:12,6
DA:16,5
DA:18,5
DA:19,2
DA:24,6
LF:10
LH:10
BRDA:5,0,0,5
BRDA:18,1,0,2
BRDA:18,1,1,3
BRF:3
BRH:3
end_of_record
TN:
SF:src/Infrastructures/security/JwtTokenManager.js
FN:5,(anonymous_0)
FN:10,(anonymous_1)
FN:14,(anonymous_2)
FN:18,(anonymous_3)
FN:27,(anonymous_4)
FNF:5
FNH:5
FNDA:9,(anonymous_0)
FNDA:23,(anonymous_1)
FNDA:5,(anonymous_2)
FNDA:5,(anonymous_3)
FNDA:2,(anonymous_4)
DA:1,6
DA:2,6
DA:6,9
DA:7,9
DA:11,23
DA:15,5
DA:19,5
DA:20,5
DA:21,4
DA:23,2
DA:28,2
DA:29,2
DA:33,6
LF:13
LH:13
BRF:0
BRH:0
end_of_record
TN:
SF:src/Interfaces/http/api/authentications/handler.js
FN:6,(anonymous_0)
FN:14,(anonymous_1)
FN:28,(anonymous_2)
FN:41,(anonymous_3)
FNF:4
FNH:4
FNDA:39,(anonymous_0)
FNDA:6,(anonymous_1)
FNDA:5,(anonymous_2)
FNDA:4,(anonymous_3)
DA:1,6
DA:2,6
DA:3,6
DA:7,39
DA:9,39
DA:10,39
DA:11,39
DA:15,6
DA:16,6
DA:17,2
DA:24,2
DA:25,2
DA:29,5
DA:31,5
DA:33,1
DA:42,4
DA:43,4
DA:44,1
DA:50,6
LF:19
LH:19
BRF:0
BRH:0
end_of_record
TN:
SF:src/Interfaces/http/api/authentications/index.js
FN:6,(anonymous_0)
FNF:1
FNH:1
FNDA:39,(anonymous_0)
DA:1,6
DA:2,6
DA:4,6
DA:7,39
DA:8,39
LF:5
LH:5
BRF:0
BRH:0
end_of_record
TN:
SF:src/Interfaces/http/api/authentications/routes.js
FN:1,(anonymous_0)
FNF:1
FNH:1
FNDA:39,(anonymous_0)
DA:1,39
DA:19,6
LF:2
LH:2
BRF:0
BRH:0
end_of_record
TN:
SF:src/Interfaces/http/api/threadCommentReplies/handler.js
FN:5,(anonymous_0)
FN:12,(anonymous_1)
FN:29,(anonymous_2)
FNF:3
FNH:3
FNDA:39,(anonymous_0)
FNDA:5,(anonymous_1)
FNDA:3,(anonymous_2)
DA:1,6
DA:2,6
DA:6,39
DA:8,39
DA:9,39
DA:13,5
DA:14,5
DA:15,5
DA:16,5
DA:17,5
DA:19,3
DA:25,3
DA:26,3
DA:30,3
DA:31,3
DA:32,3
DA:33,3
DA:35,1
DA:38,1
DA:39,1
DA:43,6
LF:21
LH:21
BRF:0
BRH:0
end_of_record
TN:
SF:src/Interfaces/http/api/threadCommentReplies/index.js
FN:6,(anonymous_0)
FNF:1
FNH:1
FNDA:39,(anonymous_0)
DA:1,6
DA:2,6
DA:4,6
DA:7,39
DA:8,39
LF:5
LH:5
BRF:0
BRH:0
end_of_record
TN:
SF:src/Interfaces/http/api/threadCommentReplies/routes.js
FN:1,(anonymous_0)
FNF:1
FNH:1
FNDA:39,(anonymous_0)
DA:1,39
DA:20,6
LF:2
LH:2
BRF:0
BRH:0
end_of_record
TN:
SF:src/Interfaces/http/api/threadComments/handler.js
FN:5,(anonymous_0)
FN:12,(anonymous_1)
FN:29,(anonymous_2)
FNF:3
FNH:3
FNDA:39,(anonymous_0)
FNDA:11,(anonymous_1)
FNDA:3,(anonymous_2)
DA:1,6
DA:2,6
DA:6,39
DA:8,39
DA:9,39
DA:13,11
DA:14,11
DA:15,11
DA:16,11
DA:17,11
DA:19,9
DA:25,9
DA:26,9
DA:30,3
DA:31,3
DA:32,3
DA:33,3
DA:35,1
DA:38,1
DA:39,1
DA:43,6
LF:21
LH:21
BRF:0
BRH:0
end_of_record
TN:
SF:src/Interfaces/http/api/threadComments/index.js
FN:6,(anonymous_0)
FNF:1
FNH:1
FNDA:39,(anonymous_0)
DA:1,6
DA:2,6
DA:4,6
DA:7,39
DA:8,39
LF:5
LH:5
BRF:0
BRH:0
end_of_record
TN:
SF:src/Interfaces/http/api/threadComments/routes.js
FN:1,(anonymous_0)
FNF:1
FNH:1
FNDA:39,(anonymous_0)
DA:1,39
DA:20,6
LF:2
LH:2
BRF:0
BRH:0
end_of_record
TN:
SF:src/Interfaces/http/api/threads/handler.js
FN:5,(anonymous_0)
FN:12,(anonymous_1)
FN:28,(anonymous_2)
FNF:3
FNH:3
FNDA:39,(anonymous_0)
FNDA:15,(anonymous_1)
FNDA:2,(anonymous_2)
DA:1,6
DA:2,6
DA:6,39
DA:8,39
DA:9,39
DA:13,15
DA:14,15
DA:15,15
DA:16,15
DA:18,13
DA:24,13
DA:25,13
DA:29,2
DA:30,2
DA:31,2
DA:33,1
DA:39,1
DA:40,1
DA:44,6
LF:19
LH:19
BRF:0
BRH:0
end_of_record
TN:
SF:src/Interfaces/http/api/threads/index.js
FN:6,(anonymous_0)
FNF:1
FNH:1
FNDA:39,(anonymous_0)
DA:1,6
DA:2,6
DA:4,6
DA:7,39
DA:8,39
LF:5
LH:5
BRF:0
BRH:0
end_of_record
TN:
SF:src/Interfaces/http/api/threads/routes.js
FN:1,(anonymous_0)
FNF:1
FNH:1
FNDA:39,(anonymous_0)
DA:1,39
DA:17,6
LF:2
LH:2
BRF:0
BRH:0
end_of_record
TN:
SF:src/Interfaces/http/api/users/handler.js
FN:4,(anonymous_0)
FN:10,(anonymous_1)
FNF:2
FNH:2
FNDA:39,(anonymous_0)
FNDA:10,(anonymous_1)
DA:1,6
DA:5,39
DA:7,39
DA:11,10
DA:12,9
DA:14,4
DA:20,4
DA:21,4
DA:25,6
LF:9
LH:9
BRF:0
BRH:0
end_of_record
TN:
SF:src/Interfaces/http/api/users/index.js
FN:6,(anonymous_0)
FNF:1
FNH:1
FNDA:39,(anonymous_0)
DA:1,6
DA:2,6
DA:4,6
DA:7,39
DA:8,39
LF:5
LH:5
BRF:0
BRH:0
end_of_record
TN:
SF:src/Interfaces/http/api/users/routes.js
FN:1,(anonymous_0)
FNF:1
FNH:1
FNDA:39,(anonymous_0)
DA:1,39
DA:9,6
LF:2
LH:2
BRF:0
BRH:0
end_of_record
