TN:
SF:src/Applications/security/AuthenticationTokenManager.js
FN:2,(anonymous_0)
FN:6,(anonymous_1)
FN:10,(anonymous_2)
FN:14,(anonymous_3)
FNF:4
FNH:4
FNDA:1,(anonymous_0)
FNDA:1,(anonymous_1)
FNDA:1,(anonymous_2)
FNDA:1,(anonymous_3)
DA:3,1
DA:7,1
DA:11,1
DA:15,1
DA:19,9
LF:5
LH:5
BRF:0
BRH:0
end_of_record
TN:
SF:src/Applications/security/PasswordHash.js
FN:2,(anonymous_0)
FN:6,(anonymous_1)
FNF:2
FNH:2
FNDA:1,(anonymous_0)
FNDA:1,(anonymous_1)
DA:3,1
DA:7,1
DA:11,9
LF:3
LH:3
BRF:0
BRH:0
end_of_record
TN:
SF:src/Applications/use_case/authentications/DeleteAuthenticationUseCase.js
FN:2,(anonymous_0)
FN:8,(anonymous_1)
FN:15,(anonymous_2)
FNF:3
FNH:3
FNDA:3,(anonymous_0)
FNDA:3,(anonymous_1)
FNDA:3,(anonymous_2)
DA:5,3
DA:9,3
DA:10,1
DA:11,1
DA:12,1
DA:16,3
DA:17,3
DA:18,1
DA:21,2
DA:22,1
DA:27,1
LF:11
LH:11
BRDA:17,0,0,1
BRDA:17,0,1,2
BRDA:21,1,0,1
BRDA:21,1,1,1
BRF:4
BRH:4
end_of_record
TN:
SF:src/Applications/use_case/authentications/LoginUserUseCase.js
FN:5,(anonymous_0)
FN:17,(anonymous_1)
FNF:2
FNH:2
FNDA:2,(anonymous_0)
FNDA:7,(anonymous_1)
DA:1,7
DA:2,7
DA:11,2
DA:12,2
DA:13,2
DA:14,2
DA:18,7
DA:20,5
DA:22,4
DA:24,3
DA:26,3
DA:28,3
DA:31,3
DA:36,3
DA:38,3
DA:42,7
LF:16
LH:16
BRF:0
BRH:0
end_of_record
TN:
SF:src/Applications/use_case/authentications/LogoutUserUseCase.js
FN:2,(anonymous_0)
FN:8,(anonymous_1)
FN:15,(anonymous_2)
FNF:3
FNH:3
FNDA:4,(anonymous_0)
FNDA:7,(anonymous_1)
FNDA:7,(anonymous_2)
DA:5,4
DA:9,7
DA:10,3
DA:11,3
DA:12,2
DA:16,7
DA:17,7
DA:18,2
DA:21,5
DA:22,2
DA:27,7
LF:11
LH:11
BRDA:17,0,0,2
BRDA:17,0,1,5
BRDA:21,1,0,2
BRDA:21,1,1,3
BRF:4
BRH:4
end_of_record
TN:
SF:src/Applications/use_case/authentications/RefreshAuthenticationUseCase.js
FN:2,(anonymous_0)
FN:10,(anonymous_1)
FN:22,(anonymous_2)
FNF:3
FNH:3
FNDA:4,(anonymous_0)
FNDA:8,(anonymous_1)
FNDA:8,(anonymous_2)
DA:6,4
DA:7,4
DA:11,8
DA:12,4
DA:14,4
DA:15,3
DA:17,2
DA:19,2
DA:23,8
DA:25,8
DA:26,2
DA:29,6
DA:30,2
DA:35,7
LF:14
LH:14
BRDA:25,0,0,2
BRDA:25,0,1,6
BRDA:29,1,0,2
BRDA:29,1,1,4
BRF:4
BRH:4
end_of_record
TN:
SF:src/Applications/use_case/threadCommentReplies/AddReplyUseCase.js
FN:4,(anonymous_0)
FN:14,(anonymous_1)
FNF:2
FNH:2
FNDA:3,(anonymous_0)
FNDA:10,(anonymous_1)
DA:1,7
DA:9,3
DA:10,3
DA:11,3
DA:15,10
DA:17,8
DA:18,8
DA:19,1
DA:22,7
DA:23,7
DA:24,1
DA:27,6
DA:31,7
LF:13
LH:13
BRDA:18,0,0,1
BRDA:18,0,1,7
BRDA:23,1,0,1
BRDA:23,1,1,6
BRF:4
BRH:4
end_of_record
TN:
SF:src/Applications/use_case/threadCommentReplies/DeleteReplyUseCase.js
FN:2,(anonymous_0)
FN:8,(anonymous_1)
FNF:2
FNH:2
FNDA:3,(anonymous_0)
FNDA:5,(anonymous_1)
DA:5,3
DA:9,5
DA:10,5
DA:12,5
DA:13,1
DA:16,4
DA:17,1
DA:20,3
DA:24,7
LF:9
LH:9
BRDA:12,0,0,1
BRDA:12,0,1,4
BRDA:16,1,0,1
BRDA:16,1,1,3
BRF:4
BRH:4
end_of_record
TN:
SF:src/Applications/use_case/threadComments/AddCommentUseCase.js
FN:4,(anonymous_0)
FN:12,(anonymous_1)
FNF:2
FNH:2
FNDA:4,(anonymous_0)
FNDA:18,(anonymous_1)
DA:1,7
DA:8,4
DA:9,4
DA:13,18
DA:14,16
DA:15,16
DA:16,1
DA:19,15
DA:23,7
LF:9
LH:9
BRDA:15,0,0,1
BRDA:15,0,1,15
BRF:2
BRH:2
end_of_record
TN:
SF:src/Applications/use_case/threadComments/DeleteCommentUseCase.js
FN:2,(anonymous_0)
FN:8,(anonymous_1)
FNF:2
FNH:2
FNDA:3,(anonymous_0)
FNDA:5,(anonymous_1)
DA:5,3
DA:9,5
DA:11,5
DA:13,5
DA:14,1
DA:17,4
DA:18,1
DA:21,3
DA:25,7
LF:9
LH:9
BRDA:13,0,0,1
BRDA:13,0,1,4
BRDA:17,1,0,1
BRDA:17,1,1,3
BRF:4
BRH:4
end_of_record
TN:
SF:src/Applications/use_case/threads/DetailThreadUseCase.js
FN:2,(anonymous_0)
FN:12,(anonymous_1)
FNF:2
FNH:2
FNDA:2,(anonymous_0)
FNDA:6,(anonymous_1)
DA:7,2
DA:8,2
DA:9,2
DA:13,6
DA:15,6
DA:16,1
DA:19,5
DA:21,5
DA:22,4
DA:24,4
DA:25,4
DA:26,1
DA:28,4
DA:30,4
DA:31,4
DA:32,3
DA:34,3
DA:35,3
DA:36,1
DA:38,3
DA:44,5
DA:48,7
LF:22
LH:22
BRDA:15,0,0,1
BRDA:15,0,1,5
BRDA:21,1,0,4
BRDA:21,1,1,1
BRDA:25,2,0,1
BRDA:25,2,1,3
BRDA:31,3,0,3
BRDA:31,3,1,1
BRDA:35,4,0,1
BRDA:35,4,1,2
BRF:10
BRH:10
end_of_record
TN:
SF:src/Applications/use_case/threads/NewThreadUseCase.js
FN:4,(anonymous_0)
FN:10,(anonymous_1)
FNF:2
FNH:2
FNDA:4,(anonymous_0)
FNDA:22,(anonymous_1)
DA:1,7
DA:7,4
DA:11,22
DA:12,20
DA:16,7
LF:5
LH:5
BRF:0
BRH:0
end_of_record
TN:
SF:src/Applications/use_case/users/AddUserUseCase.js
FN:4,(anonymous_0)
FN:9,(anonymous_1)
FNF:2
FNH:2
FNDA:3,(anonymous_0)
FNDA:10,(anonymous_1)
DA:1,7
DA:5,3
DA:6,3
DA:10,10
DA:11,6
DA:12,5
DA:13,5
DA:17,7
LF:8
LH:8
BRF:0
BRH:0
end_of_record
TN:
SF:src/Commons/exceptions/AuthenticationError.js
FN:4,(anonymous_0)
FNF:1
FNH:1
FNDA:3,(anonymous_0)
DA:1,7
DA:5,3
DA:6,3
DA:10,7
LF:4
LH:4
BRF:0
BRH:0
end_of_record
TN:
SF:src/Commons/exceptions/AuthorizationError.js
FN:4,(anonymous_0)
FNF:1
FNH:1
FNDA:15,(anonymous_0)
DA:1,8
DA:5,15
DA:6,15
DA:10,8
LF:4
LH:4
BRF:0
BRH:0
end_of_record
TN:
SF:src/Commons/exceptions/ClientError.js
FN:2,(anonymous_0)
FNF:1
FNH:1
FNDA:167,(anonymous_0)
DA:3,167
DA:5,167
DA:6,1
DA:9,166
DA:10,166
DA:14,16
LF:6
LH:6
BRDA:2,0,0,127
BRDA:5,1,0,1
BRDA:5,1,1,166
BRF:3
BRH:3
end_of_record
TN:
SF:src/Commons/exceptions/DomainErrorTranslator.js
FN:6,(anonymous_0)
FNF:1
FNH:1
FNDA:37,(anonymous_0)
DA:1,7
DA:2,7
DA:3,7
DA:5,7
DA:7,37
DA:11,7
DA:35,7
LF:7
LH:7
BRDA:7,0,0,37
BRDA:7,0,1,9
BRF:2
BRH:2
end_of_record
TN:
SF:src/Commons/exceptions/InvariantError.js
FN:4,(anonymous_0)
FNF:1
FNH:1
FNDA:126,(anonymous_0)
DA:1,11
DA:5,126
DA:6,126
DA:10,11
LF:4
LH:4
BRF:0
BRH:0
end_of_record
TN:
SF:src/Commons/exceptions/NotFoundError.js
FN:4,(anonymous_0)
FNF:1
FNH:1
FNDA:22,(anonymous_0)
DA:1,8
DA:5,22
DA:6,22
DA:10,8
LF:4
LH:4
BRF:0
BRH:0
end_of_record
TN:
SF:src/Domains/authentications/AuthenticationRepository.js
FN:2,(anonymous_0)
FN:6,(anonymous_1)
FN:10,(anonymous_2)
FNF:3
FNH:3
FNDA:1,(anonymous_0)
FNDA:1,(anonymous_1)
FNDA:1,(anonymous_2)
DA:3,1
DA:7,1
DA:11,1
DA:15,11
LF:4
LH:4
BRF:0
BRH:0
end_of_record
TN:
SF:src/Domains/authentications/entities/NewAuth.js
FN:2,(anonymous_0)
FN:9,(anonymous_1)
FNF:2
FNH:2
FNDA:7,(anonymous_0)
FNDA:7,(anonymous_1)
DA:3,7
DA:5,5
DA:6,5
DA:10,7
DA:12,7
DA:13,1
DA:16,6
DA:17,1
DA:22,8
LF:9
LH:9
BRDA:12,0,0,1
BRDA:12,0,1,6
BRDA:12,1,0,7
BRDA:12,1,1,7
BRDA:16,2,0,1
BRDA:16,2,1,5
BRDA:16,3,0,6
BRDA:16,3,1,6
BRF:8
BRH:8
end_of_record
TN:
SF:src/Domains/threadCommentReplies/ThreadCommentReplyRepository.js
FN:2,(anonymous_0)
FN:6,(anonymous_1)
FN:10,(anonymous_2)
FN:14,(anonymous_3)
FNF:4
FNH:4
FNDA:1,(anonymous_0)
FNDA:1,(anonymous_1)
FNDA:1,(anonymous_2)
FNDA:1,(anonymous_3)
DA:3,1
DA:7,1
DA:11,1
DA:15,1
DA:19,10
LF:5
LH:5
BRF:0
BRH:0
end_of_record
TN:
SF:src/Domains/threadCommentReplies/entities/NewReply.js
FN:2,(anonymous_0)
FN:11,(anonymous_1)
FNF:2
FNH:2
FNDA:17,(anonymous_0)
FNDA:17,(anonymous_1)
DA:3,17
DA:5,13
DA:6,13
DA:7,13
DA:8,13
DA:12,17
DA:14,17
DA:15,2
DA:18,15
DA:19,2
DA:24,9
LF:11
LH:11
BRDA:14,0,0,2
BRDA:14,0,1,15
BRDA:14,1,0,17
BRDA:14,1,1,15
BRDA:14,1,2,15
BRDA:14,1,3,15
BRDA:18,2,0,2
BRDA:18,2,1,13
BRDA:18,3,0,15
BRDA:18,3,1,13
BRDA:18,3,2,13
BRDA:18,3,3,13
BRF:12
BRH:12
end_of_record
TN:
SF:src/Domains/threadComments/ThreadCommentRepository.js
FN:2,(anonymous_0)
FN:6,(anonymous_1)
FN:10,(anonymous_2)
FN:14,(anonymous_3)
FN:18,(anonymous_4)
FNF:5
FNH:5
FNDA:1,(anonymous_0)
FNDA:1,(anonymous_1)
FNDA:1,(anonymous_2)
FNDA:1,(anonymous_3)
FNDA:1,(anonymous_4)
DA:3,1
DA:7,1
DA:11,1
DA:15,1
DA:19,1
DA:23,11
LF:6
LH:6
BRF:0
BRH:0
end_of_record
TN:
SF:src/Domains/threadComments/entities/NewThreadComment.js
FN:2,(anonymous_0)
FN:10,(anonymous_1)
FNF:2
FNH:2
FNDA:27,(anonymous_0)
FNDA:27,(anonymous_1)
DA:3,27
DA:5,23
DA:6,23
DA:7,23
DA:11,27
DA:13,27
DA:14,2
DA:17,25
DA:18,2
DA:23,9
LF:10
LH:10
BRDA:13,0,0,2
BRDA:13,0,1,25
BRDA:13,1,0,27
BRDA:13,1,1,25
BRDA:13,1,2,25
BRDA:17,2,0,2
BRDA:17,2,1,23
BRDA:17,3,0,25
BRDA:17,3,1,23
BRDA:17,3,2,23
BRF:10
BRH:10
end_of_record
TN:
SF:src/Domains/threads/ThreadRepository.js
FN:2,(anonymous_0)
FN:6,(anonymous_1)
FN:10,(anonymous_2)
FNF:3
FNH:3
FNDA:1,(anonymous_0)
FNDA:1,(anonymous_1)
FNDA:1,(anonymous_2)
DA:3,1
DA:7,1
DA:11,1
DA:15,11
LF:4
LH:4
BRF:0
BRH:0
end_of_record
TN:
SF:src/Domains/threads/entities/NewThread.js
FN:2,(anonymous_0)
FN:10,(anonymous_1)
FNF:2
FNH:2
FNDA:29,(anonymous_0)
FNDA:29,(anonymous_1)
DA:3,29
DA:5,25
DA:6,25
DA:7,25
DA:11,29
DA:13,29
DA:14,2
DA:17,27
DA:18,2
DA:23,9
LF:10
LH:10
BRDA:13,0,0,2
BRDA:13,0,1,27
BRDA:13,1,0,29
BRDA:13,1,1,29
BRDA:13,1,2,27
BRDA:17,2,0,2
BRDA:17,2,1,25
BRDA:17,3,0,27
BRDA:17,3,1,27
BRDA:17,3,2,25
BRF:10
BRH:10
end_of_record
TN:
SF:src/Domains/users/UserRepository.js
FN:2,(anonymous_0)
FN:6,(anonymous_1)
FN:10,(anonymous_2)
FN:14,(anonymous_3)
FNF:4
FNH:4
FNDA:1,(anonymous_0)
FNDA:1,(anonymous_1)
FNDA:1,(anonymous_2)
FNDA:1,(anonymous_3)
DA:3,1
DA:7,1
DA:11,1
DA:15,1
DA:19,9
LF:5
LH:5
BRF:0
BRH:0
end_of_record
TN:
SF:src/Domains/users/entities/RegisterUser.js
FN:2,(anonymous_0)
FN:12,(anonymous_1)
FNF:2
FNH:2
FNDA:18,(anonymous_0)
FNDA:18,(anonymous_1)
DA:3,18
DA:5,10
DA:7,10
DA:8,10
DA:9,10
DA:13,18
DA:14,2
DA:17,16
DA:18,2
DA:21,14
DA:22,2
DA:25,12
DA:26,2
DA:31,9
LF:14
LH:14
BRDA:13,0,0,2
BRDA:13,0,1,16
BRDA:13,1,0,18
BRDA:13,1,1,17
BRDA:13,1,2,17
BRDA:17,2,0,2
BRDA:17,2,1,14
BRDA:17,3,0,16
BRDA:17,3,1,15
BRDA:17,3,2,14
BRDA:21,4,0,2
BRDA:21,4,1,12
BRDA:25,5,0,2
BRDA:25,5,1,10
BRF:14
BRH:14
end_of_record
TN:
SF:src/Domains/users/entities/RegisteredUser.js
FN:2,(anonymous_0)
FN:12,(anonymous_1)
FNF:2
FNH:2
FNDA:11,(anonymous_0)
FNDA:11,(anonymous_1)
DA:3,11
DA:5,9
DA:7,9
DA:8,9
DA:9,9
DA:13,11
DA:14,1
DA:17,10
DA:18,1
DA:23,8
LF:10
LH:10
BRDA:13,0,0,1
BRDA:13,0,1,10
BRDA:13,1,0,11
BRDA:13,1,1,10
BRDA:13,1,2,10
BRDA:17,2,0,1
BRDA:17,2,1,9
BRDA:17,3,0,10
BRDA:17,3,1,9
BRDA:17,3,2,9
BRF:10
BRH:10
end_of_record
TN:
SF:src/Domains/users/entities/UserLogin.js
FN:2,(anonymous_0)
FN:9,(anonymous_1)
FNF:2
FNH:2
FNDA:10,(anonymous_0)
FNDA:10,(anonymous_1)
DA:3,10
DA:5,6
DA:6,6
DA:10,10
DA:12,10
DA:13,2
DA:16,8
DA:17,2
DA:22,8
LF:9
LH:9
BRDA:12,0,0,2
BRDA:12,0,1,8
BRDA:12,1,0,10
BRDA:12,1,1,10
BRDA:16,2,0,2
BRDA:16,2,1,6
BRDA:16,3,0,8
BRDA:16,3,1,7
BRF:8
BRH:8
end_of_record
TN:
SF:src/Infrastructures/http/createServer.js
FN:11,(anonymous_0)
FN:32,(anonymous_1)
FN:64,(anonymous_2)
FNF:3
FNH:3
FNDA:45,(anonymous_0)
FNDA:55,(anonymous_1)
FNDA:86,(anonymous_2)
DA:1,6
DA:2,6
DA:3,6
DA:4,6
DA:5,6
DA:6,6
DA:7,6
DA:8,6
DA:9,6
DA:11,6
DA:12,45
DA:17,45
DA:24,45
DA:32,55
DA:40,45
DA:64,45
DA:65,86
DA:67,86
DA:68,32
DA:70,32
DA:71,30
DA:75,30
DA:76,30
DA:79,2
DA:80,1
DA:83,1
DA:87,1
DA:88,1
DA:91,54
DA:94,45
DA:97,6
LF:31
LH:31
BRDA:67,0,0,32
BRDA:67,0,1,54
BRDA:70,1,0,30
BRDA:70,1,1,2
BRDA:79,2,0,1
BRDA:79,2,1,1
BRF:6
BRH:6
end_of_record
TN:
SF:src/Infrastructures/repository/AuthenticationRepositoryPostgres.js
FN:5,(anonymous_0)
FN:10,(anonymous_1)
FN:19,(anonymous_2)
FN:32,(anonymous_3)
FNF:4
FNH:4
FNDA:4,(anonymous_0)
FNDA:3,(anonymous_1)
FNDA:5,(anonymous_2)
FNDA:2,(anonymous_3)
DA:1,6
DA:2,6
DA:6,4
DA:7,4
DA:11,3
DA:16,3
DA:20,5
DA:25,5
DA:27,5
DA:28,2
DA:33,2
DA:38,2
DA:42,6
LF:13
LH:13
BRDA:27,0,0,2
BRDA:27,0,1,3
BRF:2
BRH:2
end_of_record
TN:
SF:src/Infrastructures/repository/ThreadCommentReplyRepositoryPostgres.js
FN:4,(anonymous_0)
FN:10,(anonymous_1)
FN:25,(anonymous_2)
FN:37,(anonymous_3)
FN:48,(anonymous_4)
FNF:5
FNH:5
FNDA:6,(anonymous_0)
FNDA:9,(anonymous_1)
FNDA:6,(anonymous_2)
FNDA:3,(anonymous_3)
FNDA:4,(anonymous_4)
DA:1,6
DA:5,6
DA:6,6
DA:7,6
DA:11,9
DA:12,9
DA:13,9
DA:15,9
DA:20,9
DA:22,9
DA:26,6
DA:32,6
DA:34,6
DA:38,3
DA:45,3
DA:49,4
DA:57,4
DA:59,4
DA:63,6
LF:19
LH:19
BRF:0
BRH:0
end_of_record
TN:
SF:src/Infrastructures/repository/ThreadCommentRepositoryPostgres.js
FN:4,(anonymous_0)
FN:10,(anonymous_1)
FN:25,(anonymous_2)
FN:37,(anonymous_3)
FN:48,(anonymous_4)
FN:62,(anonymous_5)
FNF:6
FNH:6
FNDA:8,(anonymous_0)
FNDA:19,(anonymous_1)
FNDA:6,(anonymous_2)
FNDA:3,(anonymous_3)
FNDA:5,(anonymous_4)
FNDA:7,(anonymous_5)
DA:1,6
DA:5,8
DA:6,8
DA:7,8
DA:11,19
DA:12,19
DA:13,19
DA:15,19
DA:20,19
DA:22,19
DA:26,6
DA:32,6
DA:34,6
DA:38,3
DA:45,3
DA:49,5
DA:57,5
DA:59,5
DA:63,7
DA:68,7
DA:70,7
DA:74,6
LF:22
LH:22
BRF:0
BRH:0
end_of_record
TN:
SF:src/Infrastructures/repository/ThreadRepositoryPostgres.js
FN:4,(anonymous_0)
FN:10,(anonymous_1)
FN:25,(anonymous_2)
FN:38,(anonymous_3)
FNF:4
FNH:4
FNDA:6,(anonymous_0)
FNDA:22,(anonymous_1)
FNDA:6,(anonymous_2)
FNDA:23,(anonymous_3)
DA:1,6
DA:5,6
DA:6,6
DA:7,6
DA:11,22
DA:12,22
DA:13,22
DA:15,22
DA:20,22
DA:22,22
DA:26,6
DA:33,6
DA:35,6
DA:39,23
DA:44,23
DA:46,23
DA:50,6
LF:17
LH:17
BRF:0
BRH:0
end_of_record
TN:
SF:src/Infrastructures/repository/UserRepositoryPostgres.js
FN:6,(anonymous_0)
FN:12,(anonymous_1)
FN:25,(anonymous_2)
FN:39,(anonymous_3)
FN:54,(anonymous_4)
FNF:5
FNH:5
FNDA:10,(anonymous_0)
FNDA:7,(anonymous_1)
FNDA:6,(anonymous_2)
FNDA:6,(anonymous_3)
FNDA:4,(anonymous_4)
DA:1,6
DA:2,6
DA:3,6
DA:7,10
DA:8,10
DA:9,10
DA:13,7
DA:18,7
DA:20,7
DA:21,2
DA:26,6
DA:27,6
DA:29,6
DA:34,6
DA:36,6
DA:40,6
DA:45,6
DA:47,6
DA:48,2
DA:51,4
DA:55,4
DA:60,4
DA:62,4
DA:63,1
DA:66,3
DA:68,3
DA:72,6
LF:27
LH:27
BRDA:20,0,0,2
BRDA:20,0,1,5
BRDA:47,1,0,2
BRDA:47,1,1,4
BRDA:62,2,0,1
BRDA:62,2,1,3
BRF:6
BRH:6
end_of_record
TN:
SF:src/Infrastructures/security/BcryptPasswordHash.js
FN:5,(anonymous_0)
FN:11,(anonymous_1)
FN:15,(anonymous_2)
FNF:3
FNH:3
FNDA:5,(anonymous_0)
FNDA:6,(anonymous_1)
FNDA:5,(anonymous_2)
DA:1,6
DA:2,6
DA:6,5
DA:7,5
DA:8,5
DA:12,6
DA:16,5
DA:18,5
DA:19,2
DA:24,6
LF:10
LH:10
BRDA:5,0,0,5
BRDA:18,1,0,2
BRDA:18,1,1,3
BRF:3
BRH:3
end_of_record
TN:
SF:src/Infrastructures/security/JwtTokenManager.js
FN:5,(anonymous_0)
FN:10,(anonymous_1)
FN:14,(anonymous_2)
FN:18,(anonymous_3)
FN:27,(anonymous_4)
FNF:5
FNH:5
FNDA:9,(anonymous_0)
FNDA:30,(anonymous_1)
FNDA:5,(anonymous_2)
FNDA:5,(anonymous_3)
FNDA:2,(anonymous_4)
DA:1,6
DA:2,6
DA:6,9
DA:7,9
DA:11,30
DA:15,5
DA:19,5
DA:20,5
DA:21,4
DA:23,2
DA:28,2
DA:29,2
DA:33,6
LF:13
LH:13
BRF:0
BRH:0
end_of_record
TN:
SF:src/Interfaces/http/api/authentications/handler.js
FN:6,(anonymous_0)
FN:14,(anonymous_1)
FN:28,(anonymous_2)
FN:41,(anonymous_3)
FNF:4
FNH:4
FNDA:45,(anonymous_0)
FNDA:6,(anonymous_1)
FNDA:5,(anonymous_2)
FNDA:4,(anonymous_3)
DA:1,6
DA:2,6
DA:3,6
DA:7,45
DA:9,45
DA:10,45
DA:11,45
DA:15,6
DA:16,6
DA:17,2
DA:24,2
DA:25,2
DA:29,5
DA:31,5
DA:33,1
DA:42,4
DA:43,4
DA:44,1
DA:50,6
LF:19
LH:19
BRF:0
BRH:0
end_of_record
TN:
SF:src/Interfaces/http/api/authentications/index.js
FN:6,(anonymous_0)
FNF:1
FNH:1
FNDA:45,(anonymous_0)
DA:1,6
DA:2,6
DA:4,6
DA:7,45
DA:8,45
LF:5
LH:5
BRF:0
BRH:0
end_of_record
TN:
SF:src/Interfaces/http/api/authentications/routes.js
FN:1,(anonymous_0)
FNF:1
FNH:1
FNDA:45,(anonymous_0)
DA:1,45
DA:19,6
LF:2
LH:2
BRF:0
BRH:0
end_of_record
TN:
SF:src/Interfaces/http/api/threadCommentReplies/handler.js
FN:5,(anonymous_0)
FN:12,(anonymous_1)
FN:29,(anonymous_2)
FNF:3
FNH:3
FNDA:45,(anonymous_0)
FNDA:9,(anonymous_1)
FNDA:4,(anonymous_2)
DA:1,6
DA:2,6
DA:6,45
DA:8,45
DA:9,45
DA:13,9
DA:14,9
DA:15,9
DA:16,9
DA:17,9
DA:19,5
DA:25,5
DA:26,5
DA:30,4
DA:31,4
DA:32,4
DA:33,4
DA:35,2
DA:38,2
DA:39,2
DA:43,6
LF:21
LH:21
BRF:0
BRH:0
end_of_record
TN:
SF:src/Interfaces/http/api/threadCommentReplies/index.js
FN:6,(anonymous_0)
FNF:1
FNH:1
FNDA:45,(anonymous_0)
DA:1,6
DA:2,6
DA:4,6
DA:7,45
DA:8,45
LF:5
LH:5
BRF:0
BRH:0
end_of_record
TN:
SF:src/Interfaces/http/api/threadCommentReplies/routes.js
FN:1,(anonymous_0)
FNF:1
FNH:1
FNDA:45,(anonymous_0)
DA:1,45
DA:20,6
LF:2
LH:2
BRF:0
BRH:0
end_of_record
TN:
SF:src/Interfaces/http/api/threadComments/handler.js
FN:5,(anonymous_0)
FN:12,(anonymous_1)
FN:29,(anonymous_2)
FNF:3
FNH:3
FNDA:45,(anonymous_0)
FNDA:17,(anonymous_1)
FNDA:4,(anonymous_2)
DA:1,6
DA:2,6
DA:6,45
DA:8,45
DA:9,45
DA:13,17
DA:14,17
DA:15,17
DA:16,17
DA:17,17
DA:19,14
DA:25,14
DA:26,14
DA:30,4
DA:31,4
DA:32,4
DA:33,4
DA:35,2
DA:38,2
DA:39,2
DA:43,6
LF:21
LH:21
BRF:0
BRH:0
end_of_record
TN:
SF:src/Interfaces/http/api/threadComments/index.js
FN:6,(anonymous_0)
FNF:1
FNH:1
FNDA:45,(anonymous_0)
DA:1,6
DA:2,6
DA:4,6
DA:7,45
DA:8,45
LF:5
LH:5
BRF:0
BRH:0
end_of_record
TN:
SF:src/Interfaces/http/api/threadComments/routes.js
FN:1,(anonymous_0)
FNF:1
FNH:1
FNDA:45,(anonymous_0)
DA:1,45
DA:20,6
LF:2
LH:2
BRF:0
BRH:0
end_of_record
TN:
SF:src/Interfaces/http/api/threads/handler.js
FN:5,(anonymous_0)
FN:12,(anonymous_1)
FN:28,(anonymous_2)
FNF:3
FNH:3
FNDA:45,(anonymous_0)
FNDA:21,(anonymous_1)
FNDA:5,(anonymous_2)
DA:1,6
DA:2,6
DA:6,45
DA:8,45
DA:9,45
DA:13,21
DA:14,21
DA:15,21
DA:16,21
DA:18,19
DA:24,19
DA:25,19
DA:29,5
DA:30,5
DA:31,5
DA:33,4
DA:39,4
DA:40,4
DA:44,6
LF:19
LH:19
BRF:0
BRH:0
end_of_record
TN:
SF:src/Interfaces/http/api/threads/index.js
FN:6,(anonymous_0)
FNF:1
FNH:1
FNDA:45,(anonymous_0)
DA:1,6
DA:2,6
DA:4,6
DA:7,45
DA:8,45
LF:5
LH:5
BRF:0
BRH:0
end_of_record
TN:
SF:src/Interfaces/http/api/threads/routes.js
FN:1,(anonymous_0)
FNF:1
FNH:1
FNDA:45,(anonymous_0)
DA:1,45
DA:17,6
LF:2
LH:2
BRF:0
BRH:0
end_of_record
TN:
SF:src/Interfaces/http/api/users/handler.js
FN:4,(anonymous_0)
FN:10,(anonymous_1)
FNF:2
FNH:2
FNDA:45,(anonymous_0)
FNDA:10,(anonymous_1)
DA:1,6
DA:5,45
DA:7,45
DA:11,10
DA:12,9
DA:14,4
DA:20,4
DA:21,4
DA:25,6
LF:9
LH:9
BRF:0
BRH:0
end_of_record
TN:
SF:src/Interfaces/http/api/users/index.js
FN:6,(anonymous_0)
FNF:1
FNH:1
FNDA:45,(anonymous_0)
DA:1,6
DA:2,6
DA:4,6
DA:7,45
DA:8,45
LF:5
LH:5
BRF:0
BRH:0
end_of_record
TN:
SF:src/Interfaces/http/api/users/routes.js
FN:1,(anonymous_0)
FNF:1
FNH:1
FNDA:45,(anonymous_0)
DA:1,45
DA:9,6
LF:2
LH:2
BRF:0
BRH:0
end_of_record
